MS_10160_001_r.jp2
MS_10160_001_v.jp2
MS_10163_001_r.jp2
MS_10163_001_v.jp2
MS_10294_001_r.jp2
MS_10294_001_v.jp2
MS_10396_001_r.jp2
MS_10396_001_v.jp2
MS_10397_001_r.jp2
MS_10397_001_v.jp2
MS_10674_001_r.jp2
MS_10674_001_v.jp2
MS_10674_002_r.jp2
MS_10674_002_v.jp2
MS_10674_003_r.jp2
MS_10674_003_v.jp2
MS_10674_004_r.jp2
MS_10674_004_v.jp2
MS_10674_005_r.jp2
MS_10674_005_v.jp2
MS_10674__fol__5_r.jp2
MS_10674__fol__5_v.jp2
MS_10675_001_r.jp2
MS_10675_001_v.jp2
MS_10719_001_r.jp2
MS_10719_001_v.jp2
MS_10767_001_r.jp2
MS_10767_001_v.jp2
MS_10801_001_r.jp2
MS_10801_001_v.jp2
MS_10801_002_r.jp2
MS_10801_002_v.jp2
MS_10801_003_r.jp2
MS_10801_003_v.jp2
MS_10801_004_r.jp2
MS_10801_004_v.jp2
MS_10801_005_r.jp2
MS_10801_005_v.jp2
MS_10809_r.jp2
MS_10809_v.jp2
MS_10810__fol__1_r.jp2
MS_10810__fol__1_v.jp2
MS_10811__fol__1_r.jp2
MS_10811__fol__1_v.jp2
MS_4607_001_r.jp2
MS_4607_001_v.jp2
MS_4607_002_r.jp2
MS_4607_002_v.jp2
MS_4607_003_r.jp2
MS_4607_003_v.jp2
MS_4607_004_r.jp2
MS_4607_004_v.jp2
MS_4607_005_r.jp2
MS_4607_005_v.jp2
MS_4607_006_r.jp2
MS_4607_006_v.jp2
MS_4607_007_r.jp2
MS_4607_007_v.jp2
MS_4607_008_r.jp2
MS_4607_008_v.jp2
MS_4607_009_r.jp2
MS_4607_009_v.jp2
MS_4607_010_r.jp2
MS_4607_010_v.jp2
MS_4607_011_r.jp2
MS_4607_011_v.jp2
MS_4607_012_r.jp2
MS_4607_012_v.jp2
MS_4607_013_r.jp2
MS_4607_013_v.jp2
MS_4607_014_r.jp2
MS_4607_014_v.jp2
MS_4607_015_r.jp2
MS_4607_015_v.jp2
MS_4607_016_r.jp2
MS_4607_016_v.jp2
MS_4607_017_r.jp2
MS_4607_017_v.jp2
MS_4607_018_r.jp2
MS_4607_018_v.jp2
MS_4607_019_r.jp2
MS_4607_019_v.jp2
MS_4607_020_r.jp2
MS_4607_020_v.jp2
MS_4607_021_r.jp2
MS_4607_021_v.jp2
MS_4607_022_r.jp2
MS_4607_022_v.jp2
MS_4607_023_r.jp2
MS_4607_023_v.jp2
MS_4607_024_r.jp2
MS_4607_024_v.jp2
MS_4607_025_r.jp2
MS_4607_025_v.jp2
MS_4607_026_r.jp2
MS_4607_026_v.jp2
MS_4607_027_r.jp2
MS_4607_027_v.jp2
MS_4607_028_r.jp2
MS_4607_028_v.jp2
MS_4607_029_r.jp2
MS_4607_029_v.jp2
MS_4607_030_r.jp2
MS_4607_030_v.jp2
MS_4607_031_r.jp2
MS_4607_031_v.jp2
MS_4607_032_r.jp2
MS_4607_032_v.jp2
MS_4607_033_r.jp2
MS_4607_033_v.jp2
MS_4607_034_r.jp2
MS_4607_034_v.jp2
MS_4607_035_r.jp2
MS_4607_035_v.jp2
MS_4607_036_r.jp2
MS_4607_036_v.jp2
MS_4607_037_r.jp2
MS_4607_037_v.jp2
MS_4607_038_r.jp2
MS_4607_038_v.jp2
MS_4607_039_r.jp2
MS_4607_039_v.jp2
MS_4607_040_r.jp2
MS_4607_040_v.jp2
MS_4607_041_r.jp2
MS_4607_041_v.jp2
MS_4607_042_r.jp2
MS_4607_042_v.jp2
MS_4607_043_r.jp2
MS_4607_043_v.jp2
MS_4607_044_r.jp2
MS_4607_044_v.jp2
MS_4607_045_r.jp2
MS_4607_045_v.jp2
MS_4607_046_r.jp2
MS_4607_046_v.jp2
MS_4607_047_r.jp2
MS_4607_047_v.jp2
MS_4607_048_r.jp2
MS_4607_048_v.jp2
MS_4607_049_r.jp2
MS_4607_049_v.jp2
MS_4607_050_r.jp2
MS_4607_050_v.jp2
MS_4607_051_r.jp2
MS_4607_051_v.jp2
MS_4607_052_r.jp2
MS_4607_052_v.jp2
MS_4607_053_r.jp2
MS_4607_053_v.jp2
MS_4607_054_r.jp2
MS_4607_055_v.jp2
MS_4607_056_r.jp2
MS_4607_056_v.jp2
MS_4607_057_r.jp2
MS_4607_057_v.jp2
MS_4607_058_r.jp2
MS_4607_058_v.jp2
MS_4607_059_r.jp2
MS_4607_059_v.jp2
MS_4607_060_r.jp2
MS_4607_060_v.jp2
MS_4607_061_r.jp2
MS_4607_061_v.jp2
MS_4607_062_r.jp2
MS_4607_062_v.jp2
MS_4607_063_r.jp2
MS_4607_063_v.jp2
MS_4607_064_r.jp2
MS_4607_064_v.jp2
MS_4607_065_r.jp2
MS_4607_065_v.jp2
MS_4607_066_r.jp2
MS_4607_067_r.jp2
MS_4607_067_v.jp2
MS_4607_068_r.jp2
MS_4607_068_v.jp2
MS_4607_069_r.jp2
MS_4607_069_v.jp2
MS_4607_070_r.jp2
MS_4607_070_v.jp2
MS_4607_071a_r.jp2
MS_4607_071a_v.jp2
MS_4607_071b_r.jp2
MS_4607_072_r.jp2
MS_4607_072_v.jp2
MS_4607_66_v.jp2
MS_4607_71b_v.jp2
MS_4607a_001_r.jp2
MS_4607a_001_v.jp2
MS_4607a_002_r.jp2
MS_4607a_002_v.jp2
MS_4607a_003_r.jp2
MS_4607a_003_v.jp2
MS_4607a_004_r.jp2
MS_4607a_004_v.jp2
MS_4607a_005_r.jp2
MS_4607a_005_v.jp2
MS_4607a_006_r.jp2
MS_4607a_006_v.jp2
MS_4607a_007_r.jp2
MS_4607a_007_v.jp2
MS_4607a_008_r.jp2
MS_4607a_008_v.jp2
MS_4607a_009_r.jp2
MS_4607a_009_v.jp2
MS_4607a_010_r.jp2
MS_4607a_010_v.jp2
MS_4607a_011_r.jp2
MS_4607a_011_v.jp2
MS_4607a_012_r.jp2
MS_4607a_012_v.jp2
MS_4607a_013_r.jp2
MS_4607a_013_v.jp2
MS_4607a_014_r.jp2
MS_4607a_014_v.jp2
MS_4607a_015_r.jp2
MS_4607a_015_v.jp2
MS_4607a_016_r.jp2
MS_4607a_016_v.jp2
MS_4607a_017_r.jp2
MS_4607a_017_v.jp2
MS_4607a_018_r.jp2
MS_4607a_018_v.jp2
MS_4607a_019_r.jp2
MS_4607a_019_v.jp2
MS_4607a_020_r.jp2
MS_4607a_020_v.jp2
MS_4607a_021_r.jp2
MS_4607a_021_v.jp2
MS_4607a_022_r.jp2
MS_4607a_022_v.jp2
MS_4607a_023_r.jp2
MS_4607a_023_v.jp2
MS_4607a_024_r.jp2
MS_4607a_024_v.jp2
MS_4607a_025_r.jp2
MS_4607a_025_v.jp2
MS_4607a_026_r.jp2
MS_4607a_026_v.jp2
MS_4607a_027_r.jp2
MS_4607a_027_v.jp2
MS_4607a_028_r.jp2
MS_4607a_028_v.jp2
MS_4607a_029_r.jp2
MS_4607a_029_v.jp2
MS_4607a_030_r.jp2
MS_4607a_030_v.jp2
MS_4607a_031_r.jp2
MS_4607a_031_v.jp2
MS_4607a_032_r.jp2
MS_4607a_032_v.jp2
MS_4607a_033_r.jp2
MS_4607a_033_v.jp2
MS_4607a_034_r.jp2
MS_4607a_034_v.jp2
MS_4607a_035_r.jp2
MS_4607a_035_v.jp2
MS_4607a_036_r.jp2
MS_4607a_036_v.jp2
MS_4607a_037_r.jp2
MS_4607a_037_v.jp2
MS_4607a_038_r.jp2
MS_4607a_038_v.jp2
MS_4607a_039_r.jp2
MS_4607a_039_v.jp2
MS_4607a_040_r.jp2
MS_4607a_040_v.jp2
MS_4607a_041_r.jp2
MS_4607a_041_v.jp2
MS_4607a_042_r.jp2
MS_4607a_042_v.jp2
MS_4607a_043_r.jp2
MS_4607a_043_v.jp2
MS_4607a_044_r.jp2
MS_4607a_044_v.jp2
MS_4607a_045_r.jp2
MS_4607a_045_v.jp2
MS_4607a_046_r.jp2
MS_4607a_046_v.jp2
MS_4607a_047_r.jp2
MS_4607a_047_v.jp2
MS_4607a_048_r.jp2
MS_4607a_048_v.jp2
MS_4607a_049_r.jp2
MS_4607a_049_v.jp2
MS_4607a_050_r.jp2
MS_4607a_050_v.jp2
MS_4607a_051_r.jp2
MS_4607a_051_v.jp2
MS_4607a_052_r.jp2
MS_4607a_052_v.jp2
MS_4607a_053_r.jp2
MS_4607a_053_v.jp2
MS_4607a_054_r.jp2
MS_4607a_055_v.jp2
MS_4607a_056_r.jp2
MS_4607a_056_v.jp2
MS_4607a_057_r.jp2
MS_4607a_057_v.jp2
MS_4607a_058_r.jp2
MS_4607a_058_v.jp2
MS_4607a_059_r.jp2
MS_4607a_059_v.jp2
MS_4607a_060_r.jp2
MS_4607a_060_v.jp2
MS_4607a_061_r.jp2
MS_4607a_061_v.jp2
MS_4607a_062_r.jp2
MS_4607a_062_v.jp2
MS_4607a_063_r.jp2
MS_4607a_063_v.jp2
MS_4607a_064_r.jp2
MS_4607a_064_v.jp2
MS_4607a_065_r.jp2
MS_4607a_065_v.jp2
MS_4607a_066_r.jp2
MS_4607a_067_r.jp2
MS_4607a_067_v.jp2
MS_4607a_068_r.jp2
MS_4607a_068_v.jp2
MS_4607a_069_r.jp2
MS_4607a_069_v.jp2
MS_4607a_070_r.jp2
MS_4607a_070_v.jp2
MS_4607a_071a_r.jp2
MS_4607a_071a_v.jp2
MS_4607a_071b_r.jp2
MS_4607a_072_r.jp2
MS_4607a_072_v.jp2
MS_4607a_rule.jp2
MS_4607__fol__54_r.jp2
MS_4607__fol__54_v.jp2
MS_4607__fol__55_r.jp2
MS_4607__fol__55_v.jp2
MS_4607_rule.jp2
MS_5527_001_r.jp2
MS_5527_001_v.jp2
MS_5527_002_r.jp2
MS_5527_002_v.jp2
MS_7737_001_r.jp2
MS_7737_001_v.jp2
MS_7737_002_r.jp2
MS_7737_002_v.jp2
MS_8190_001_r.jp2
MS_8190_001_v.jp2
MS_8190_002_r.jp2
MS_8190_002_v.jp2
MS_8229_001.jp2
MS_8254_001_r.jp2
MS_8254_001_v.jp2
MS_8254_002_r.jp2
MS_8254_002_v.jp2
MS_8254_003_r.jp2
MS_8254_003_v.jp2
MS_8254_004a_r.jp2
MS_8254_004a_v.jp2
MS_8254_004_r.jp2
MS_8254_004_v.jp2
MS_8254_005_r.jp2
MS_8254_005_v.jp2
MS_8254_006_r.jp2
MS_8254_006_v.jp2
MS_8254_007_r.jp2
MS_8254_007_v.jp2
MS_8254_009_r.jp2
MS_8254_009_v.jp2
MS_8254_010_r.jp2
MS_8254_010_v.jp2
MS_8254_011_r.jp2
MS_8254_011_v.jp2
MS_8254_012_r.jp2
MS_8254_012_v.jp2
MS_8254_013_r.jp2
MS_8254_013_v.jp2
MS_8254_014_r.jp2
MS_8254_014_v.jp2
MS_8254_015_r.jp2
MS_8254_015_v.jp2
MS_8254_016_r.jp2
MS_8254_016_v.jp2
MS_8254_017a_r.jp2
MS_8254_017a_v.jp2
MS_8254_017b_r.jp2
MS_8254_017b_v.jp2
MS_8254_017c_r.jp2
MS_8254_017c_v.jp2
MS_8254_017_r.jp2
MS_8254_017_v.jp2
MS_8254_018_r.jp2
MS_8254_018_v.jp2
MS_8254_020_r.jp2
MS_8254_020_v.jp2
MS_8254_021_r.jp2
MS_8254_021_v.jp2
MS_8254_022_r.jp2
MS_8254_022_v.jp2
MS_8254_8_1_r.jp2
MS_8254_8_1_v.jp2
MS_8254_8_2_r.jp2
MS_8254_8_2_v.jp2
MS_8449_003_r.jp2
MS_8449_003_v.jp2
MS_8449_005_r.jp2
MS_8449_005_v.jp2
MS_9160_001_r.jp2
MS_9160_001_v.jp2
MS_9160_002_r.jp2
MS_9160_002_v.jp2
MS_9160_003_r.jp2
MS_9160_003_v.jp2
MS_9160_004_r.jp2
MS_9160_004_v.jp2
MS_9160_005_r.jp2
MS_9160_005_v.jp2
MS_9160_006_r.jp2
MS_9160_006_v.jp2
MS_9160_007_r.jp2
MS_9160_007_v.jp2
MS_9160_008_r.jp2
MS_9160_008_v.jp2
MS_9160_009_r.jp2
MS_9160_009_v.jp2
MS_9160_010_r.jp2
MS_9160_010_v.jp2
MS_9160_011_r.jp2
MS_9160_011_v.jp2
MS_9214_001.jp2
MS_9214_002.jp2
MS_9214_003.jp2
MS_9214_004.jp2
MS_9214_005.jp2
MS_9214_006.jp2
MS_9214_007.jp2
MS_9214_008.jp2
MS_9214_009.jp2
MS_9214_010.jp2
MS_9214_011.jp2
MS_9214_012.jp2
MS_9214_013.jp2
MS_9214_014.jp2
MS_9214_015.jp2
MS_9214_016.jp2
MS_9214_017.jp2
MS_9214_018.jp2
MS_9214_019.jp2
MS_9214_020.jp2
MS_9214_021.jp2
MS_9214_022.jp2
MS_9214_023.jp2
MS_9214_024.jp2
MS_9214_025.jp2
MS_9214_026.jp2
MS_9214_027.jp2
MS_9214_028.jp2
MS_9214_029.jp2
MS_9214_030.jp2
MS_9214_031.jp2
MS_9214_032.jp2
MS_9214_033.jp2
MS_9214_034.jp2
MS_9214_035.jp2
MS_9214_036.jp2
MS_9214_037.jp2
MS_9214_038.jp2
MS_9214_039.jp2
MS_9214_040.jp2
MS_9214_041.jp2
MS_9214_042.jp2
MS_9560_001.jp2
MS_9560_001_r.jp2
MS_9560_001_v.jp2
MS_9560_002.jp2
MS_9560_002_r.jp2
MS_9560_002_v.jp2
MS_9560_003.jp2
MS_9560_003_r.jp2
MS_9560_003_v.jp2
MS_9560_004.jp2
MS_9560_004_r.jp2
MS_9560_004_v.jp2
MS_9560_005.jp2
MS_9560_005_r.jp2
MS_9560_005_v.jp2
MS_9560_006.jp2
MS_9560_007.jp2
MS_9560_008.jp2
MS_9560_009.jp2
MS_9560_010.jp2
MS_L143_001_r.jp2
MS_L143_001_v.jp2
MS_L143_002_r.jp2
MS_L143_002_v.jp2
MS_L143_003_r.jp2
MS_L143_003_v.jp2
MS_L143_004_r.jp2
MS_L143_004_v.jp2
MS_L143_005_r.jp2
MS_L143_005_v.jp2
MS_L143_006_r.jp2
MS_L143_006_v.jp2
MS_L222_001_r.jp2
MS_L222_001_v.jp2
MS_L241_001_r.jp2
MS_L241_001_v.jp2
MS_L241_002_r.jp2
MS_L241_002_v.jp2
MS_L241_003_r.jp2
MS_L241_003_v.jp2
MS_L241_004_r.jp2
MS_L241_004_v.jp2
MS_L241_005_r.jp2
MS_L241_005_v.jp2
MS_L241_006_r.jp2
MS_L241_006_v.jp2
MS_L241_007_r.jp2
MS_L241_007_v.jp2
MS_L241_008_r.jp2
MS_L241_008_v.jp2
MS_L241_009_r.jp2
MS_L241_009_v.jp2
MS_L241_010_r.jp2
MS_L241_010_v.jp2
MS_L501_001_r.jp2
MS_L501_001_v.jp2
MS_L501_002_r.jp2
MS_L501_002_v.jp2
MS_L501_003_r.jp2
MS_L501_003_v.jp2
MS_L501_004_r.jp2
MS_L501_004_v.jp2
MS_L501_005_r.jp2
MS_L501_005_v.jp2
MS_L501_006_r.jp2
MS_L501_006_v.jp2
MS_L501_007_r.jp2
MS_L501_007_v.jp2
MS_L501_008_r.jp2
MS_L501_008_v.jp2
MS_L501_009_r.jp2
MS_L501_009_v.jp2
MS_L501_010_r.jp2
MS_L501_010_v.jp2
MS_L501_011_r.jp2
MS_L501_011_v.jp2
MS_L501_012_r.jp2
MS_L501_012_v.jp2
MS_L501_013_r.jp2
MS_L501_013_v.jp2
MS_L501_014_r.jp2
MS_L501_014_v.jp2
MS_L501_015_r.jp2
MS_L501_015_v.jp2
MS_L501_016_r.jp2
MS_L501_016_v.jp2
MS_L501_017_r.jp2
MS_L501_017_v.jp2
MS_L501_018_r.jp2
MS_L501_018_v.jp2
MS_L501_019_r.jp2
MS_L501_019_v.jp2
MS_L501_020_r.jp2
MS_L501_020_v.jp2
MS_L503_001_r.jp2
MS_L503_001_v.jp2
MS_L503_002_r.jp2
MS_L503_002_v.jp2
MS_L503_003_r.jp2
MS_L503_003_v.jp2
MS_L503_004_r.jp2
MS_L503_004_v.jp2
MS_L503_005_r.jp2
MS_L503_005_v.jp2
MS_L503_006_r.jp2
MS_L503_006_v.jp2
MS_L503_007_r.jp2
MS_L503_007_v.jp2
MS_L503_008_r.jp2
MS_L503_008_v.jp2
MS_L503_009_r.jp2
MS_L503_009_v.jp2
MS_L503_010_r.jp2
MS_L503_010_v.jp2
MS_L503_011_r.jp2
MS_L503_011_v.jp2
MS_L503_012_r.jp2
MS_L503_012_v.jp2
MS_L503_013_r.jp2
MS_L503_013_v.jp2
MS_L503_014_r.jp2
MS_L503_014_v.jp2
MS_L503_015_r.jp2
MS_L503_015_v.jp2
MS_L503_016_r.jp2
MS_L503_016_v.jp2
MS_L503_017_r.jp2
MS_L503_017_v.jp2
MS_L503_018_r.jp2
MS_L503_018_v.jp2
MS_L503_019_r.jp2
MS_L503_019_v.jp2
MS_L503_020_r.jp2
MS_L503_020_v.jp2
MS_L503_021_r.jp2
MS_L503_021_v.jp2
MS_L503_022_r.jp2
MS_L503_022_v.jp2
MS_L503_023_r.jp2
MS_L503_023_v.jp2
MS_L503_024_r.jp2
MS_L503_024_v.jp2
MS_L503_025_r.jp2
MS_L503_025_v.jp2
MS_L503_026_r.jp2
MS_L503_026_v.jp2
MS_L503_027_r.jp2
MS_L503_027_v.jp2
MS_L503_028_r.jp2
MS_L503_028_v.jp2
MS_L503_029_r.jp2
MS_L503_029_v.jp2
MS_L503_030_r.jp2
MS_L503_030_v.jp2
MS_L503_031_r.jp2
MS_L503_031_v.jp2
MS_L503_032_r.jp2
MS_L503_032_v.jp2
MS_L503_033_r.jp2
MS_L503_033_v.jp2
MS_L503_034_r.jp2
MS_L503_034_v.jp2
MS_L503_035_r.jp2
MS_L503_035_v.jp2
MS_L503_036_r.jp2
MS_L503_036_v.jp2
MS_L503_037_r.jp2
MS_L503_037_v.jp2
MS_L503_038_r.jp2
MS_L503_038_v.jp2
MS_L503_039_r.jp2
MS_L503_039_v.jp2
MS_L503_040_r.jp2
MS_L503_040_v.jp2
MS_L503_041_r.jp2
MS_L503_041_v.jp2
MS_L503_042_r.jp2
MS_L503_042_v.jp2
MS_L503_043_r.jp2
MS_L503_043_v.jp2
MS_L503_044_r.jp2
MS_L503_044_v.jp2
MS_L503_045_r.jp2
MS_L503_045_v.jp2
MS_L503_046_r.jp2
MS_L503_046_v.jp2
MS_L503_047_r.jp2
MS_L503_047_v.jp2
MS_L503_048_r.jp2
MS_L503_048_v.jp2
MS_L504_001_r.jp2
MS_L504_001_v.jp2
MS_L504_002_r.jp2
MS_L504_002_v.jp2
MS_L504_003_r.jp2
MS_L504_003_v.jp2
MS_L504_004_r.jp2
MS_L504_004_v.jp2
MS_L504_005_r.jp2
MS_L504_005_v.jp2
MS_L504_006_r.jp2
MS_L504_006_v.jp2
MS_L504_007_r.jp2
MS_L504_007_v.jp2
MS_L504_008_r.jp2
MS_L504_008_v.jp2
MS_L504_009_r.jp2
MS_L504_009_v.jp2
MS_L504_010_r.jp2
MS_L504_010_v.jp2
MS_L504_011_r.jp2
MS_L504_011_v.jp2
MS_L506_001_r.jp2
MS_L506_001_v.jp2
MS_L506_002_r.jp2
MS_L506_002_v.jp2
MS_L506_003_r.jp2
MS_L506_003_v.jp2
MS_L506_004_r.jp2
MS_L506_004_v.jp2
MS_L506_005_r.jp2
MS_L506_005_v.jp2
MS_L506_006_r.jp2
MS_L506_006_v.jp2
MS_L506_007_r.jp2
MS_L506_007_v.jp2
MS_L506_008_r.jp2
MS_L506_008_v.jp2
MS_L506_009_r.jp2
MS_L506_009_v.jp2
MS_L506_010_r.jp2
MS_L506_010_v.jp2
MS_L506_011_r.jp2
MS_L506_011_v.jp2
MS_L506_012_r.jp2
MS_L506_012_v.jp2
MS_L509_001_r.jp2
MS_L509_001_v.jp2
MS_L509_002_r.jp2
MS_L509_002_v.jp2
MS_L509_003_r.jp2
MS_L509_003_v.jp2
MS_L509_004_r.jp2
MS_L509_004_v.jp2
MS_L509_005_r.jp2
MS_L509_005_v.jp2
MS_L509_006_r.jp2
MS_L509_006_v.jp2
MS_L509_007_r.jp2
MS_L509_007_v.jp2
MS_L509_008_r.jp2
MS_L509_008_v.jp2
MS_L509_009_r.jp2
MS_L509_009_v.jp2
MS_L509_010_r.jp2
MS_L509_010_v.jp2
MS_L512_001_r.jp2
MS_L512_001_v.jp2
MS_L512_002_r.jp2
MS_L512_002_v.jp2
MS_L512_003_r.jp2
MS_L512_003_v.jp2
MS_L512_004_r.jp2
MS_L512_004_v.jp2
MS_L512_005_r.jp2
MS_L512_005_v.jp2
MS_L512_006_r.jp2
MS_L512_006_v.jp2
MS_L512_007_r.jp2
MS_L512_007_v.jp2
MS_L512_008_r.jp2
MS_L512_008_v.jp2
MS_L512_009_r.jp2
MS_L512_009_v.jp2
MS_L512_010_r.jp2
MS_L512_010_v.jp2
MS_L512_011_r.jp2
MS_L512_011_v.jp2
MS_L512_012_r.jp2
MS_L512_012_v.jp2
MS_L512_013_r.jp2
MS_L512_013_v.jp2
MS_L512_014_r.jp2
MS_L512_014_v.jp2
MS_L512_015_r.jp2
MS_L512_015_v.jp2
MS_L512_016_r.jp2
MS_L512_016_v.jp2
MS_L512_017_r.jp2
MS_L512_017_v.jp2
MS_L512_018_r.jp2
MS_L512_018_v.jp2
MS_L512_019_r.jp2
MS_L512_019_v.jp2
MS_L512_020_r.jp2
MS_L512_020_v.jp2
MS_L512_021_r.jp2
MS_L512_021_v.jp2
MS_L512_022_r.jp2
MS_L512_022_v.jp2
MS_L512_023_r.jp2
MS_L512_023_v.jp2
MS_L512_024_r.jp2
MS_L512_024_v.jp2
MS_L512_025_r.jp2
MS_L512_025_v.jp2
MS_L512_026_r.jp2
MS_L512_026_v.jp2
MS_L512_027_r.jp2
MS_L512_027_v.jp2
MS_L512_028_r.jp2
MS_L512_028_v.jp2
MS_L512_029_r.jp2
MS_L512_029_v.jp2
MS_L512_030_r.jp2
MS_L512_030_v.jp2
MS_L512_031_r.jp2
MS_L512_031_v.jp2
MS_L512_032_r.jp2
MS_L512_032_v.jp2
MS_L512_033_r.jp2
MS_L512_033_v.jp2
MS_L512_034_r.jp2
MS_L512_034_v.jp2
MS_L512_035_r.jp2
MS_L512_035_v.jp2
MS_L512_036_r.jp2
MS_L512_036_v.jp2
MS_L512_037_r.jp2
MS_L512_037_v.jp2
MS_L512_038_r.jp2
MS_L512_038_v.jp2
MS_L512_039_r.jp2
MS_L512_039_v.jp2
MS_L512_040_r.jp2
MS_L512_040_v.jp2
MS_L512_041_r.jp2
MS_L512_041_v.jp2
MS_L512_042_r.jp2
MS_L512_042_v.jp2
MS_L515_001_r.jp2
MS_L515_001_v.jp2
MS_L515_002_r.jp2
MS_L515_002_v.jp2
MS_L515_003_r.jp2
MS_L515_003_v.jp2
MS_L515_004_r.jp2
MS_L515_004_v.jp2
MS_L515_005_r.jp2
MS_L515_005_v.jp2
MS_L515_006_r.jp2
MS_L515_006_v.jp2
MS_L515_007_r.jp2
MS_L515_007_v.jp2
MS_L515_008_r.jp2
MS_L515_008_v.jp2
MS_L515_009_r.jp2
MS_L515_009_v.jp2
MS_L515_010_r.jp2
MS_L515_010_v.jp2
MS_L515_011_r.jp2
MS_L515_011_v.jp2
MS_L515_012_r.jp2
MS_L515_012_v.jp2
MS_L515_013_r.jp2
MS_L515_013_v.jp2
MS_L515_014_r.jp2
MS_L515_014_v.jp2
MS_L515_015_r.jp2
MS_L515_015_v.jp2
MS_L515_016_r.jp2
MS_L515_016_v.jp2
MS_L515_017_r.jp2
MS_L515_017_v.jp2
MS_L515_018_r.jp2
MS_L515_018_v.jp2
MS_L515_019_r.jp2
MS_L515_019_v.jp2
MS_L515_020_r.jp2
MS_L515_020_v.jp2
MS_L515_021_r.jp2
MS_L515_021_v.jp2
MS_L515_022_r.jp2
MS_L515_022_v.jp2
MS_L515_023_r.jp2
MS_L515_023_v.jp2
MS_L515_024_r.jp2
MS_L515_024_v.jp2
MS_L515_025_r.jp2
MS_L515_025_v.jp2
MS_L515_026_r.jp2
MS_L515_026_v.jp2
MS_L515_027_r.jp2
MS_L515_027_v.jp2
MS_L515_028_r.jp2
MS_L515_028_v.jp2
MS_L515_029_r.jp2
MS_L515_029_v.jp2
MS_L515_030_r.jp2
MS_L515_030_v.jp2
MS_L515_031_r.jp2
MS_L515_031_v.jp2
MS_L515_032_r.jp2
MS_L515_032_v.jp2
MS_L515_033_r.jp2
MS_L515_033_v.jp2
MS_L515_034_r.jp2
MS_L515_034_v.jp2
MS_L515_035_r.jp2
MS_L515_035_v.jp2
MS_L515_036_r.jp2
MS_L515_036_v.jp2
MS_L515_037_r.jp2
MS_L515_037_v.jp2
MS_L515_038_r.jp2
MS_L515_038_v.jp2
MS_L515_039_r.jp2
MS_L515_039_v.jp2
MS_L515_040_r.jp2
MS_L515_040_v.jp2
MS_L515_041_r.jp2
MS_L515_041_v.jp2
MS_L515_042_r.jp2
MS_L515_042_v.jp2
MS_L515_043_r.jp2
MS_L515_043_v.jp2
MS_L515_044_r.jp2
MS_L515_044_v.jp2
MS_L515_045_r.jp2
MS_L515_045_v.jp2
MS_L515_046_r.jp2
MS_L515_046_v.jp2
MS_L515_047_r.jp2
MS_L515_047_v.jp2
MS_L515_048_r.jp2
MS_L515_048_v.jp2
MS_L515_049_r.jp2
MS_L515_049_v.jp2
MS_L515_050_r.jp2
MS_L515_050_v.jp2
MS_L515_051_r.jp2
MS_L515_051_v.jp2
MS_L515_052_r.jp2
MS_L515_052_v.jp2
MS_L515_053_r.jp2
MS_L515_053_v.jp2
MS_L515_054_r.jp2
MS_L515_054_v.jp2
MS_L515_055a_r.jp2
MS_L515_055a_v.jp2
MS_L515_055_r.jp2
MS_L515_055_v.jp2
MS_L515_056_r.jp2
MS_L515_056_v.jp2
MS_L515_057_r.jp2
MS_L515_057_v.jp2
MS_L515_058_r.jp2
MS_L515_058_v.jp2
MS_L515_059_r.jp2
MS_L515_059_v.jp2
MS_L515_060_r.jp2
MS_L515_060_v.jp2
MS_L515_061_r.jp2
MS_L515_061_v.jp2
MS_L515_062_r.jp2
MS_L515_062_v.jp2
MS_L515_063_r.jp2
MS_L515_063_v.jp2
MS_L515_064_r.jp2
MS_L515_064_v.jp2
MS_L515_065_r.jp2
MS_L515_065_v.jp2
MS_L515_066_r.jp2
MS_L515_066_v.jp2
MS_L515_067_r.jp2
MS_L515_067_v.jp2
MS_L515_068_r.jp2
MS_L515_068_v.jp2
MS_L515_069_r.jp2
MS_L515_069_v.jp2
MS_L515_070_r.jp2
MS_L515_070_v.jp2
MS_L515_071_r.jp2
MS_L515_071_v.jp2
MS_L515_072_r.jp2
MS_L515_072_v.jp2
MS_L515_073_r.jp2
MS_L515_073_v.jp2
MS_L515_074_r.jp2
MS_L515_074_v.jp2
MS_L515_075_r.jp2
MS_L515_075_v.jp2
MS_L515_076_r.jp2
MS_L515_076_v.jp2
MS_L515_077_r.jp2
MS_L515_077_v.jp2
MS_L515_078_r.jp2
MS_L515_078_v.jp2
MS_L515_079_r.jp2
MS_L515_079_v.jp2
MS_L515_080_r.jp2
MS_L515_080_v.jp2
MS_L515_081_r.jp2
MS_L515_081_v.jp2
MS_L515_082_r.jp2
MS_L515_082_v.jp2
MS_L515_083_r.jp2
MS_L515_083_v.jp2
MS_L515_084_r.jp2
MS_L515_084_v.jp2
MS_L515_085_r.jp2
MS_L515_085_v.jp2
MS_L515_086_r.jp2
MS_L515_086_v.jp2
MS_L515_087_r.jp2
MS_L515_087_v.jp2
MS_L515_088_r.jp2
MS_L515_088_v.jp2
MS_L515_089_r.jp2
MS_L515_089_v.jp2
MS_L515_090_r.jp2
MS_L515_090_v.jp2
MS_L515_091_r.jp2
MS_L515_091_v.jp2
MS_L515_092_r.jp2
MS_L515_092_v.jp2
MS_L515_093_r.jp2
MS_L515_093_v.jp2
MS_L516_000A.jp2
MS_L516_000.jp2
MS_L516_001_r.jp2
MS_L516_001_v.jp2
MS_L516_002_r.jp2
MS_L516_002_v.jp2
MS_L516_003_r.jp2
MS_L516_003_v.jp2
MS_L516_004_r.jp2
MS_L516_004_v.jp2
MS_L516_005_r.jp2
MS_L516_005_v.jp2
MS_L516_006_r.jp2
MS_L516_006_v.jp2
MS_L516_007_r.jp2
MS_L516_007_v.jp2
MS_L516_008_r.jp2
MS_L516_008_v.jp2
MS_L516_009_r.jp2
MS_L516_009_v.jp2
MS_L516_010a_r.jp2
MS_L516_010a_v.jp2
MS_L516_010_r.jp2
MS_L516_010_v.jp2
MS_L516_011_r.jp2
MS_L516_011_v.jp2
MS_L516_012_r.jp2
MS_L516_012_v.jp2
MS_L516_013_r.jp2
MS_L516_013_v.jp2
MS_L516_014_r.jp2
MS_L516_014_v.jp2
MS_L516_015_r.jp2
MS_L516_015_v.jp2
MS_L516_016_r.jp2
MS_L516_016_v.jp2
MS_L516_017_r.jp2
MS_L516_017_v.jp2
MS_L516_018_r.jp2
MS_L516_018_v.jp2
MS_L516_019_r.jp2
MS_L516_019_v.jp2
MS_L516_020a.jp2
MS_L516_020b.jp2
MS_L516_020_r.jp2
MS_L516_020_v.jp2
MS_L516_021_r.jp2
MS_L516_021_v.jp2
MS_L516_022_r.jp2
MS_L516_022_v.jp2
MS_L516_023_r.jp2
MS_L516_023_v.jp2
MS_L516_024_r.jp2
MS_L516_024_v.jp2
MS_L516_025_r.jp2
MS_L516_025_v.jp2
MS_L516_026_r.jp2
MS_L516_026_v.jp2
MS_L516_027_r.jp2
MS_L516_027_v.jp2
MS_L516_028_r.jp2
MS_L516_028_v.jp2
MS_L517_001_r.jp2
MS_L517_001_v.jp2
MS_L517_002_r.jp2
MS_L517_002_v.jp2
MS_L517_003_r.jp2
MS_L517_003_v.jp2
MS_L517_004_r.jp2
MS_L517_004_v.jp2
MS_L517_005_r.jp2
MS_L517_005_v.jp2
MS_L517_006_r.jp2
MS_L517_006_v.jp2
MS_L517_007_r.jp2
MS_L517_007_v.jp2
MS_L517_008_r.jp2
MS_L517_008_v.jp2
MS_L517_009_r.jp2
MS_L517_009_v.jp2
MS_L517_010_r.jp2
MS_L517_010_v.jp2
MS_L517_011_r.jp2
MS_L517_011_v.jp2
MS_L517_012_r.jp2
MS_L517_012_v.jp2
MS_L517_013_r.jp2
MS_L517_013_v.jp2
MS_L517_014_r.jp2
MS_L517_014_v.jp2
MS_L517_015_r.jp2
MS_L517_015_v.jp2
MS_L517_016_r.jp2
MS_L517_016_v.jp2
MS_L517_017_r.jp2
MS_L517_017_v.jp2
MS_L517_018_r.jp2
MS_L517_018_v.jp2
MS_L517_019_r.jp2
MS_L517_019_v.jp2
MS_L517_020_r.jp2
MS_L517_020_v.jp2
MS_L517_021_r.jp2
MS_L517_021_v.jp2
MS_L517_022_r.jp2
MS_L517_022_v.jp2
MS_L517_023_r.jp2
MS_L517_023_v.jp2
MS_L517_024_r.jp2
MS_L517_024_v.jp2
MS_L517_025_r.jp2
MS_L517_025_v.jp2
MS_L517_026_r.jp2
MS_L517_026_v.jp2
MS_L517_027_r.jp2
MS_L517_027_v.jp2
MS_L517_028_r.jp2
MS_L517_028_v.jp2
MS_L517_029_r.jp2
MS_L517_029_v.jp2
MS_L517_030_r.jp2
MS_L517_030_v.jp2
MS_L517_031_r.jp2
MS_L517_031_v.jp2
MS_L517_032_r.jp2
MS_L517_032_v.jp2
MS_L517_033_r.jp2
MS_L517_033_v.jp2
MS_L517_034_r.jp2
MS_L517_034_v.jp2
MS_L517_035_r.jp2
MS_L517_035_v.jp2
MS_L517_036_r.jp2
MS_L517_036_v.jp2
MS_L517_037_r.jp2
MS_L517_037_v.jp2
MS_L517_038_r.jp2
MS_L517_038_v.jp2
MS_L517_039_r.jp2
MS_L517_039_v.jp2
MS_L517_040_r.jp2
MS_L517_040_v.jp2
MS_L517_041_r.jp2
MS_L517_041_v.jp2
MS_L517_042_r.jp2
MS_L517_042_v.jp2
MS_L517_043_r.jp2
MS_L517_043_v.jp2
MS_L517_044_r.jp2
MS_L517_044_v.jp2
MS_L518_001_r.jp2
MS_L518_001_v.jp2
MS_L518_002_r.jp2
MS_L518_002_v.jp2
MS_L518_003_r.jp2
MS_L518_003_v.jp2
MS_L518_004_r.jp2
MS_L518_004_v.jp2
MS_L518_005_r.jp2
MS_L518_005_v.jp2
MS_L518_006_r.jp2
MS_L518_006_v.jp2
MS_L518_007_r.jp2
MS_L518_007_v.jp2
MS_L518_008_r.jp2
MS_L518_008_v.jp2
MS_L519_001_r.jp2
MS_L519_001_v.jp2
MS_L519_002_r.jp2
MS_L519_002_v.jp2
MS_L519_003_r.jp2
MS_L519_003_v.jp2
MS_L519_004_r.jp2
MS_L519_004_v.jp2
MS_L519_005_r.jp2
MS_L519_005_v.jp2
MS_L519_006_r.jp2
MS_L519_006_v.jp2
MS_L519_007_r.jp2
MS_L519_007_v.jp2
MS_L519_008_r.jp2
MS_L519_008_v.jp2
MS_L519_009_r.jp2
MS_L519_009_v.jp2
MS_L519_010_r.jp2
MS_L519_010_v.jp2
MS_L519_011_r.jp2
MS_L519_011_v.jp2
MS_L519_012_r.jp2
MS_L519_012_v.jp2
MS_L519_013_r.jp2
MS_L519_013_v.jp2
MS_L519_014_r.jp2
MS_L519_014_v.jp2
MS_L519_015_r.jp2
MS_L519_015_v.jp2
MS_L519_016_r.jp2
MS_L519_016_v.jp2
MS_L519_017_r.jp2
MS_L519_017_v.jp2
MS_L519_018_r.jp2
MS_L519_018_v.jp2
MS_L519_019_r.jp2
MS_L519_019_v.jp2
MS_L519_020_r.jp2
MS_L519_020_v.jp2
MS_L519_021_r.jp2
MS_L519_021_v.jp2
MS_L519_022_r.jp2
MS_L519_022_v.jp2
MS_L519_023_r.jp2
MS_L519_023_v.jp2
MS_L530_001_r.jp2
MS_L530_001_v.jp2
MS_L530_002_r.jp2
MS_L530_002_v.jp2
MS_L530_003_r.jp2
MS_L530_003_v.jp2
MS_L530_004_r.jp2
MS_L530_004_v.jp2
MS_L530_005_r.jp2
MS_L530_005_v.jp2
MS_L530_006_r.jp2
MS_L530_006_v.jp2
MS_L530_007_r.jp2
MS_L530_007_v.jp2
MS_L530_008_r.jp2
MS_L530_008_v.jp2
MS_L530_009_r.jp2
MS_L530_009_v.jp2
MS_L530_010_r.jp2
MS_L530_010_v.jp2
MS_L530_011_r.jp2
MS_L530_011_v.jp2
MS_L530_012_r.jp2
MS_L530_012_v.jp2
MS_L530_013_r.jp2
MS_L530_013_v.jp2
MS_L530_014_r.jp2
MS_L530_014_v.jp2
MS_L530_015_r.jp2
MS_L530_015_v.jp2
MS_L530_016_r.jp2
MS_L530_016_v.jp2
MS_L530_017_r.jp2
MS_L530_017_v.jp2
MS_L530_018_r.jp2
MS_L530_018_v.jp2
MS_L530_019_r.jp2
MS_L530_019_v.jp2
MS_L530_020_r.jp2
MS_L530_020_v.jp2
MS_L530_021_r.jp2
MS_L530_021_v.jp2
MS_L530_022_r.jp2
MS_L530_022_v.jp2
MS_L530_023_r.jp2
MS_L530_023_v.jp2
MS_L530_024_r.jp2
MS_L530_024_v.jp2
MS_L530_025_r.jp2
MS_L530_025_v.jp2
MS_L530_026_r.jp2
MS_L530_026_v.jp2
MS_L530_027_r.jp2
MS_L530_027_v.jp2
MS_L530_028_r.jp2
MS_L530_028_v.jp2
MS_L530_029_r.jp2
MS_L530_029_v.jp2
MS_L530_030_r.jp2
MS_L530_030_v.jp2
MS_L530_031_r.jp2
MS_L530_031_v.jp2
MS_L530_032_r.jp2
MS_L530_032_v.jp2
MS_L530_033_r.jp2
MS_L530_033_v.jp2
MS_L530_034_r.jp2
MS_L530_034_v.jp2
MS_L530_035_r.jp2
MS_L530_035_v.jp2
MS_L530_036_r.jp2
MS_L530_036_v.jp2
MS_L530_037_r.jp2
MS_L530_037_v.jp2
MS_L530_038_r.jp2
MS_L530_038_v.jp2
MS_L530_039_r.jp2
MS_L530_039_v.jp2
MS_L530_040_r.jp2
MS_L530_040_v.jp2
MS_L530_041_r.jp2
MS_L530_041_v.jp2
MS_L530_042_r.jp2
MS_L530_042_v.jp2
MS_L530_043_r.jp2
MS_L530_043_v.jp2
MS_L530_044_r.jp2
MS_L530_044_v.jp2
MS_L530_045_r.jp2
MS_L530_045_v.jp2
MS_L530_046_r.jp2
MS_L530_046_v.jp2
MS_L530_047_r.jp2
MS_L530_047_v.jp2
MS_L530_048_r.jp2
MS_L530_048_v.jp2
MS_L530_049_r.jp2
MS_L530_049_v.jp2
MS_L530_050_r.jp2
MS_L530_050_v.jp2
MS_L530_051_r.jp2
MS_L530_051_v.jp2
MS_L530_052_r.jp2
MS_L530_052_v.jp2
MS_L530_053_r.jp2
MS_L530_053_v.jp2
MS_L530_054_r.jp2
MS_L530_054_v.jp2
MS_L530_055_r.jp2
MS_L530_055_v.jp2
MS_L530_056_r.jp2
MS_L530_056_v.jp2
MS_L530_057_r.jp2
MS_L530_057_v.jp2
MS_L530_058_r.jp2
MS_L530_058_v.jp2
MS_L530_059_r.jp2
MS_L530_059_v.jp2
MS_L530_060_r.jp2
MS_L530_060_v.jp2
MS_L530_061_r.jp2
MS_L530_061_v.jp2
MS_L530_062_r.jp2
MS_L530_062_v.jp2
MS_L530_063_r.jp2
MS_L530_063_v.jp2
MS_L530_064_r.jp2
MS_L530_064_v.jp2
MS_L530_065_r.jp2
MS_L530_065_v.jp2
MS_L530_066_r.jp2
MS_L530_066_v.jp2
MS_L530_067_r.jp2
MS_L530_067_v.jp2
MS_L530_068_r.jp2
MS_L530_068_v.jp2
MS_L530_069_r.jp2
MS_L530_069_v.jp2
MS_L530_070_r.jp2
MS_L530_070_v.jp2
MS_L530_071_r.jp2
MS_L530_071_v.jp2
MS_L530_072_r.jp2
MS_L530_072_v.jp2
MS_L530_073_r.jp2
MS_L530_073_v.jp2
MS_L530_074_r.jp2
MS_L530_074_v.jp2
MS_L530_075_r.jp2
MS_L530_075_v.jp2
MS_L530__fol__73_r.jp2
MS_L530__fol__73_v.jp2
MS_L550_001_r.jp2
MS_L550_001_v.jp2
MS_L550_002_r.jp2
MS_L550_002_v.jp2
MS_L550_003_r.jp2
MS_L550_003_v.jp2
MS_L550_004_r.jp2
MS_L550_004_v.jp2
MS_L558_001_r.jp2
MS_L558_001_v.jp2
MS_L558_002_r.jp2
MS_L558_002_v.jp2
MS_L558_003_r.jp2
MS_L558_003_v.jp2
MS_L558_004_r.jp2
MS_L558_004_v.jp2
MS_L558_005_r.jp2
MS_L558_005_v.jp2
MS_L558_006_r.jp2
MS_L558_006_v.jp2
MS_L558_007_r.jp2
MS_L558_007_v.jp2
MS_L558_008_r.jp2
MS_L558_008_v.jp2
MS_L558_009_r.jp2
MS_L558_009_v.jp2
MS_L558_010_r.jp2
MS_L558_010_v.jp2
MS_L558_011_r.jp2
MS_L558_011_v.jp2
MS_L558_012_r.jp2
MS_L558_012_v.jp2
MS_L558_013_r.jp2
MS_L558_013_v.jp2
MS_L558_014_r.jp2
MS_L558_014_v.jp2
MS_L558_015_r.jp2
MS_L558_015_v.jp2
MS_L558_016_r.jp2
MS_L558_016_v.jp2
MS_L558_017_r.jp2
MS_L558_017_v.jp2
MS_L558_018_r.jp2
MS_L558_018_v.jp2
MS_L558_019_r.jp2
MS_L558_019_v.jp2
MS_L558_020_r.jp2
MS_L558_020_v.jp2
MS_L558_021_r.jp2
MS_L558_021_v.jp2
MS_L558_022_r.jp2
MS_L558_022_v.jp2
MS_L558_023_r.jp2
MS_L558_023_v.jp2
MS_L558_024_r.jp2
MS_L558_024_v.jp2
MS_L558_025_r.jp2
MS_L558_025_v.jp2
MS_L558_026_r.jp2
MS_L558_026_v.jp2
MS_L558__fol__16_r.jp2
MS_L558__fol__16_v.jp2
MS_L561_001_r.jp2
MS_L561_001_v.jp2
MS_L561_002_r.jp2
MS_L561_002_v.jp2
MS_L561_003_r.jp2
MS_L561_003_v.jp2
MS_L561_004_r.jp2
MS_L561_004_v.jp2
MS_L561_005_r.jp2
MS_L561_005_v.jp2
MS_L561_006_r.jp2
MS_L561_006_v.jp2
MS_L561_007_r.jp2
MS_L561_007_v.jp2
MS_L561_008_r.jp2
MS_L561_008_v.jp2
MS_L561_009_r.jp2
MS_L561_009_v.jp2
MS_L561_010_r.jp2
MS_L561_010_v.jp2
MS_L561_011_r.jp2
MS_L561_011_v.jp2
MS_L561_012_r.jp2
MS_L561_012_v.jp2
MS_L561_013_r.jp2
MS_L561_013_v.jp2
MS_L561_014_r.jp2
MS_L561_014_v.jp2
MS_L561_017.jp2
MS_L561_018.jp2
MS_L561__fol__8_r.jp2
MS_L561__fol__8_v.jp2
MS_L566_001_r.jp2
MS_L566_001_v.jp2
MS_L566_002_r.jp2
MS_L566_002_v.jp2
MS_L566_003_r.jp2
MS_L566_003_v.jp2
MS_L566_004_r.jp2
MS_L566_004_v.jp2
MS_L566_005_r.jp2
MS_L566_005_v.jp2
MS_L566_006_r.jp2
MS_L566_006_v.jp2
MS_L566_007_r.jp2
MS_L566_007_v.jp2
MS_L566_008_r.jp2
MS_L566_008_v.jp2
MS_L566_009_r.jp2
MS_L566_009_v.jp2
MS_L566_010_r.jp2
MS_L566_010_v.jp2
MS_L566_011_r.jp2
MS_L566_011_v.jp2
MS_L566_012_r.jp2
MS_L566_012_v.jp2
MS_L566_013_r.jp2
MS_L566_013_v.jp2
MS_L566_014_r.jp2
MS_L566_014_v.jp2
MS_L566_015_r.jp2
MS_L566_015_v.jp2
MS_L566_016_r.jp2
MS_L566_016_v.jp2
MS_L566_017_r.jp2
MS_L566_017_v.jp2
MS_L566_018_r.jp2
MS_L566_018_v.jp2
MS_L575_001_r.jp2
MS_L575_001_v.jp2
MS_L575_002_r.jp2
MS_L575_002_v.jp2
MS_L575_003_r.jp2
MS_L575_003_v.jp2
MS_L575_004_r.jp2
MS_L575_004_v.jp2
MS_L575_005_r.jp2
MS_L575_005_v.jp2
MS_L575_006_r.jp2
MS_L575_006_v.jp2
MS_L575_007_r.jp2
MS_L575_007_v.jp2
MS_L575_008_r.jp2
MS_L575_008_v.jp2
MS_L575_009_r.jp2
MS_L575_009_v.jp2
MS_L575_010_r.jp2
MS_L575_010_v.jp2
MS_L575_011_r.jp2
MS_L575_011_v.jp2
MS_L575_012_r.jp2
MS_L575_012_v.jp2
MS_L575_013_r.jp2
MS_L575_013_v.jp2
MS_L575_014_r.jp2
MS_L575_014_v.jp2
MS_L575_015_r.jp2
MS_L575_015_v.jp2
MS_L575_016_r.jp2
MS_L575_016_v.jp2
MS_L575_017_r.jp2
MS_L575_017_v.jp2
MS_L575_018_r.jp2
MS_L575_018_v.jp2
MS_L575_019_r.jp2
MS_L575_019_v.jp2
MS_L575_020_r.jp2
MS_L575_020_v.jp2
MS_L575_021_r.jp2
MS_L575_021_v.jp2
MS_L575_022_r.jp2
MS_L575_022_v.jp2
MS_L575_023_r.jp2
MS_L575_023_v.jp2
MS_L575_024_r.jp2
MS_L575_024_v.jp2
MS_L588_001_r.jp2
MS_L588_001_v.jp2
MS_L588_002_r.jp2
MS_L588_002_v.jp2
MS_L588_003_r.jp2
MS_L588_003_v.jp2
MS_L588_004_r.jp2
MS_L588_004_v.jp2
MS_L588_005_r.jp2
MS_L588_005_v.jp2
MS_L588_006_r.jp2
MS_L588_006_v.jp2
MS_L588_007_r.jp2
MS_L588_007_v.jp2
MS_L588_008_r.jp2
MS_L588_008_v.jp2
MS_L588_009_r.jp2
MS_L588_009_v.jp2
MS_L588_010_r.jp2
MS_L588_010_v.jp2
MS_L588_011_r.jp2
MS_L588_011_v.jp2
MS_L588_012_r.jp2
MS_L588_012_v.jp2
MS_L588_013_r.jp2
MS_L588_013_v.jp2
MS_L588_014_r.jp2
MS_L588_014_v.jp2
MS_L588_015_r.jp2
MS_L588_015_v.jp2
MS_L588_016_r.jp2
MS_L588_016_v.jp2
MS_L588_017_r.jp2
MS_L588_017_v.jp2
MS_L588_018_r.jp2
MS_L588_018_v.jp2
MS_L588_019_r.jp2
MS_L588_019_v.jp2
MS_L588_020_r.jp2
MS_L588_020_v.jp2
MS_L588_021_r.jp2
MS_L588_021_v.jp2
MS_L588_022_r.jp2
MS_L588_022_v.jp2
MS_L588_023_r.jp2
MS_L588_023_v.jp2
MS_L588_024_r.jp2
MS_L588_024_v.jp2
MS_L588_025_r.jp2
MS_L588_025_v.jp2
MS_L588_026_r.jp2
MS_L588_026_v.jp2
MS_L588_027_r.jp2
MS_L588_027_v.jp2
MS_L588_028_r.jp2
MS_L588_028_v.jp2
MS_L588_029_r.jp2
MS_L588_029_v.jp2
MS_L588_030_r.jp2
MS_L588_030_v.jp2
MS_L588_031_r.jp2
MS_L588_031_v.jp2
MS_L588_032_r.jp2
MS_L588_032_v.jp2
MS_L589_001_r.jp2
MS_L589_001_v.jp2
MS_L589_002_r.jp2
MS_L589_002_v.jp2
MS_L589_003_r.jp2
MS_L589_003_v.jp2
MS_L589_004_r.jp2
MS_L589_004_v.jp2
MS_L589_005_r.jp2
MS_L589_005_v.jp2
MS_L589_006_r.jp2
MS_L589_006_v.jp2
MS_L589_007_r.jp2
MS_L589_007_v.jp2
MS_L589_008_r.jp2
MS_L589_008_v.jp2
MS_L589_009_r.jp2
MS_L589_009_v.jp2
MS_L589_010_r.jp2
MS_L589_010_v.jp2
MS_L589_011_r.jp2
MS_L589_011_v.jp2
MS_L589_012_r.jp2
MS_L589_012_v.jp2
MS_L590_Vol_1_001_r.jp2
MS_L590_Vol_1_001_v.jp2
MS_L590_Vol_1_002_r.jp2
MS_L590_Vol_1_002_v.jp2
MS_L590_Vol_1_003_r.jp2
MS_L590_Vol_1_003_v.jp2
MS_L590_Vol_1_004_r.jp2
MS_L590_Vol_1_004_v.jp2
MS_L590_Vol_1_005_r.jp2
MS_L590_Vol_1_005_v.jp2
MS_L590_Vol_1_006_r.jp2
MS_L590_Vol_1_006_v.jp2
MS_L590_Vol_1_007_r.jp2
MS_L590_Vol_1_007_v.jp2
MS_L590_Vol_1_008_r.jp2
MS_L590_Vol_1_008_v.jp2
MS_L590_Vol_1_009_r.jp2
MS_L590_Vol_1_009_v.jp2
MS_L590_Vol_1_010_r.jp2
MS_L590_Vol_1_010_v.jp2
MS_L590_Vol_1_011_r.jp2
MS_L590_Vol_1_011_v.jp2
MS_L590_Vol_1_012_r.jp2
MS_L590_Vol_1_012_v.jp2
MS_L590_Vol_1_013_r.jp2
MS_L590_Vol_1_013_v.jp2
MS_L590_Vol_1_014_r.jp2
MS_L590_Vol_1_014_v.jp2
MS_L590_Vol_1_015_r.jp2
MS_L590_Vol_1_015_v.jp2
MS_L590_Vol_1_016_r.jp2
MS_L590_Vol_1_016_v.jp2
MS_L590_Vol_1_017_r.jp2
MS_L590_Vol_1_017_v.jp2
MS_L590_Vol_1_018_r.jp2
MS_L590_Vol_1_018_v.jp2
MS_L590_Vol_1_019_r.jp2
MS_L590_Vol_1_019_v.jp2
MS_L590_Vol_1_020_r.jp2
MS_L590_Vol_1_020_v.jp2
MS_L590_Vol_1_021_r.jp2
MS_L590_Vol_1_021_v.jp2
MS_L590_Vol_2_001_r.jp2
MS_L590_Vol_2_001_v.jp2
MS_L590_Vol_2_002_r.jp2
MS_L590_Vol_2_002_v.jp2
MS_L590_Vol_2_003_r.jp2
MS_L590_Vol_2_003_v.jp2
MS_L590_Vol_2_004_r.jp2
MS_L590_Vol_2_004_v.jp2
MS_L590_Vol_2_005_r.jp2
MS_L590_Vol_2_005_v.jp2
MS_L590_Vol_2_006_r.jp2
MS_L590_Vol_2_006_v.jp2
MS_L590_Vol_2_007_r.jp2
MS_L590_Vol_2_007_v.jp2
MS_L590_Vol_2_008_r.jp2
MS_L590_Vol_2_008_v.jp2
MS_L590_Vol_2_009_r.jp2
MS_L590_Vol_2_009_v.jp2
MS_L590_Vol_2_010_r.jp2
MS_L590_Vol_2_010_v.jp2
MS_L590_Vol_2_011_r.jp2
MS_L590_Vol_2_011_v.jp2
MS_L590_Vol_2_012_r.jp2
MS_L590_Vol_2_012_v.jp2
MS_L590_Vol_2_013_r.jp2
MS_L590_Vol_2_013_v.jp2
MS_L590_Vol_2_014_r.jp2
MS_L590_Vol_2_014_v.jp2
MS_L590_Vol_2_015_r.jp2
MS_L590_Vol_2_015_v.jp2
MS_L590_Vol_2_016_r.jp2
MS_L590_Vol_2_016_v.jp2
MS_L590_Vol_2_017_r.jp2
MS_L590_Vol_2_017_v.jp2
MS_L590_Vol_2_018_r.jp2
MS_L590_Vol_2_018_v.jp2
MS_L590_Vol_2_019_r.jp2
MS_L590_Vol_2_019_v.jp2
MS_L590_Vol_2_020_r.jp2
MS_L590_Vol_2_020_v.jp2
MS_L590_Vol__2__fol__13_r.jp2
MS_L590_Vol__2__fol__13_v.jp2
MS_L590_Vol__2__fol__14_r.jp2
MS_L590_Vol__2__fol__14_v.jp2
MS_L590_Vol__2__fol__16_r.jp2
MS_L590_Vol__2__fol__16_v.jp2
MS_L590_Vol__2__fol__19_r.jp2
MS_L590_Vol__2__fol__19_v.jp2
MS_L590_Vol__2__fol__6_r.jp2
MS_L590_Vol__2__fol__6_v.jp2
MS_L590_Vol_3_001_r.jp2
MS_L590_Vol_3_001_v.jp2
MS_L590_Vol_3_002_r.jp2
MS_L590_Vol_3_002_v.jp2
MS_L590_Vol_3_003_r.jp2
MS_L590_Vol_3_003_v.jp2
MS_L590_Vol_3_004_r.jp2
MS_L590_Vol_3_004_v.jp2
MS_L590_Vol_3_005_r.jp2
MS_L590_Vol_3_005_v.jp2
MS_L590_Vol_3_006_r.jp2
MS_L590_Vol_3_006_v.jp2
MS_L590_Vol_3_007_r.jp2
MS_L590_Vol_3_007_v.jp2
MS_L590_Vol_3_008_r.jp2
MS_L590_Vol_3_008_v.jp2
MS_L590_Vol_3_009_r.jp2
MS_L590_Vol_3_009_v.jp2
MS_L590_Vol_3_010_r.jp2
MS_L590_Vol_3_010_v.jp2
MS_L590_Vol_3_011_r.jp2
MS_L590_Vol_3_011_v.jp2
MS_L590_Vol_3_012_r.jp2
MS_L590_Vol_3_012_v.jp2
MS_L590_Vol_3_013_r.jp2
MS_L590_Vol_3_013_v.jp2
MS_L590_Vol_3_014_r.jp2
MS_L590_Vol_3_014_v.jp2
MS_L590_Vol_3_015_r.jp2
MS_L590_Vol_3_015_v.jp2
MS_L590_Vol_3_016_r.jp2
MS_L590_Vol_3_016_v.jp2
MS_L590_Vol_3_017_r.jp2
MS_L590_Vol_3_017_v.jp2
MS_L590_Vol_3_018_r.jp2
MS_L590_Vol_3_018_v.jp2
MS_L590_Vol_3_037.jp2
MS_L590_Vol_3_038.jp2
MS_L590_Vol_3_039.jp2
MS_L590_Vol_3_040.jp2
MS_L590_Vol_3_041.jp2
MS_L590_Vol_3_042.jp2
MS_L590_Vol_3_043.jp2
MS_L590_Vol_3_044.jp2
MS_L590_Vol_3_045.jp2
MS_L590_Vol_3_046.jp2
MS_L590_Vol__3__fol__14_r.jp2
MS_L590_Vol__3__fol__14_v.jp2
MS_L590_Vol__3__fol__2_r.jp2
MS_L590_Vol__3__fol__2_v.jp2
MS_L590_Vol__3__fol__4_r.jp2
MS_L590_Vol__3__fol__4_v.jp2
MS_L591a_001_r.jp2
MS_L591a_001_v.jp2
MS_L591a_002_r.jp2
MS_L591a_002_v.jp2
MS_L591a_003_r.jp2
MS_L591a_003_v.jp2
MS_L591a_004_r.jp2
MS_L591a_004_v.jp2
MS_L591a_005_r.jp2
MS_L591a_005_v.jp2
MS_L591a_006_r.jp2
MS_L591a_006_v.jp2
MS_L591a_007_r.jp2
MS_L591a_007_v.jp2
MS_L591a_008_r.jp2
MS_L591a_008_v.jp2
MS_L591a_009_r.jp2
MS_L591a_009_v.jp2
MS_L591a_010_r.jp2
MS_L591a_010_v.jp2
MS_L591a_011_r.jp2
MS_L591a_011_v.jp2
MS_L591a_012_r.jp2
MS_L591a_012_v.jp2
MS_L591a_013_r.jp2
MS_L591a_013_v.jp2
MS_L591a_014_r.jp2
MS_L591a_014_v.jp2
MS_L591a_015_r.jp2
MS_L591a_015_v.jp2
MS_L591a_016_r.jp2
MS_L591a_016_v.jp2
MS_L591a_017_r.jp2
MS_L591a_017_v.jp2
MS_L591a_018_r.jp2
MS_L591a_018_v.jp2
MS_L591a_019_r.jp2
MS_L591a_019_v.jp2
MS_L591a_020_r.jp2
MS_L591a_020_v.jp2
MS_L591a_021_r.jp2
MS_L591a_021_v.jp2
MS_L591a_022_r.jp2
MS_L591a_022_v.jp2
MS_L591a_023_r.jp2
MS_L591a_023_v.jp2
MS_L591a_024_r.jp2
MS_L591a_024_v.jp2
MS_L591a_025_r.jp2
MS_L591a_025_v.jp2
MS_L591a_051.jp2
MS_L591a_052.jp2
MS_L591a_053.jp2
MS_L591a_054.jp2
MS_L593_001_r.jp2
MS_L593_001_v.jp2
MS_L593_002_r.jp2
MS_L593_002_v.jp2
MS_L593_003_r.jp2
MS_L593_003_v.jp2
MS_L593_004a_r.jp2
MS_L593_004a_v.jp2
MS_L593_004_r.jp2
MS_L593_004_v.jp2
MS_L593_005_r.jp2
MS_L593_005_v.jp2
MS_L593_006_r.jp2
MS_L593_006_v.jp2
MS_L593_007_r.jp2
MS_L593_007_v.jp2
MS_L593_008_r.jp2
MS_L593_008_v.jp2
MS_L593_009a_r.jp2
MS_L593_009a_v.jp2
MS_L593_009_r.jp2
MS_L593_009_v.jp2
MS_L593_010_r.jp2
MS_L593_010_v.jp2
MS_L593_011_r.jp2
MS_L593_011_v.jp2
MS_L593_012_r.jp2
MS_L593_012_v.jp2
MS_L593_013_r.jp2
MS_L593_013_v.jp2
MS_L593_014a_r.jp2
MS_L593_014a_v.jp2
MS_L593_014_r.jp2
MS_L593_014_v.jp2
MS_L593_015_r.jp2
MS_L593_015_v.jp2
MS_L593_016_r.jp2
MS_L593_016_v.jp2
MS_L593_017_r.jp2
MS_L593_017_v.jp2
MS_L593_018_r.jp2
MS_L593_018_v.jp2
MS_L593_019_r.jp2
MS_L593_019_v.jp2
MS_L593_020_r.jp2
MS_L593_020_v.jp2
MS_L593_021_r.jp2
MS_L593_021_v.jp2
MS_L593_022_r.jp2
MS_L593_022_v.jp2
MS_L593_023_r.jp2
MS_L593_023_v.jp2
MS_L593_024_r.jp2
MS_L593_024_v.jp2
MS_L593_025_r.jp2
MS_L593_025_v.jp2
MS_L593_026_r.jp2
MS_L593_026_v.jp2
MS_L593_027_r.jp2
MS_L593_027_v.jp2
MS_L593_028_r.jp2
MS_L593_028_v.jp2
MS_L593_029_r.jp2
MS_L593_029_v.jp2
MS_L593_030_r.jp2
MS_L593_030_v.jp2
MS_L593_031_r.jp2
MS_L593_031_v.jp2
MS_L593_032_r.jp2
MS_L593_032_v.jp2
MS_L593_033_r.jp2
MS_L593_033_v.jp2
MS_L593_034_r.jp2
MS_L593_034_v.jp2
MS_L593_035_r.jp2
MS_L593_035_v.jp2
MS_L593_036_r.jp2
MS_L593_036_v.jp2
MS_L593_037_r.jp2
MS_L593_037_v.jp2
MS_L593_038_r.jp2
MS_L593_038_v.jp2
MS_L593_039_r.jp2
MS_L593_039_v.jp2
MS_L593_040_r.jp2
MS_L593_040_v.jp2
MS_L593_041_r.jp2
MS_L593_041_v.jp2
MS_L593_042_r.jp2
MS_L593_042_v.jp2
MS_L593_043_r.jp2
MS_L593_043_v.jp2
MS_L593_044_r.jp2
MS_L593_044_v.jp2
MS_L593_045_r.jp2
MS_L593_045_v.jp2
MS_L593_046_r.jp2
MS_L593_046_v.jp2
MS_L593_047_r.jp2
MS_L593_047_v.jp2
MS_L593_048_r.jp2
MS_L593_048_v.jp2
MS_L593_049_r.jp2
MS_L593_049_v.jp2
MS_L593_050_r.jp2
MS_L593_050_v.jp2
MS_L593_051_r.jp2
MS_L593_051_v.jp2
MS_L593_052_r.jp2
MS_L593_052_v.jp2
MS_L593_053_r.jp2
MS_L593_053_v.jp2
MS_L593_054a_r.jp2
MS_L593_054a_v.jp2
MS_L593_054_r.jp2
MS_L593_054_v.jp2
MS_L593_055_r.jp2
MS_L593_055_v.jp2
MS_L593_056_r.jp2
MS_L593_056_v.jp2
MS_L593_057_r.jp2
MS_L593_057_v.jp2
MS_L593_058_r.jp2
MS_L593_058_v.jp2
MS_L593_059_r.jp2
MS_L593_059_v.jp2
MS_L593_060_r.jp2
MS_L593_060_v.jp2
MS_L593_061_r.jp2
MS_L593_061_v.jp2
MS_L593_062_r.jp2
MS_L593_062_v.jp2
MS_L593_063_r.jp2
MS_L593_063_v.jp2
MS_L593_064_r.jp2
MS_L593_064_v.jp2
MS_L593_065_r.jp2
MS_L593_065_v.jp2
MS_L593__fol__53_r.jp2
MS_L593__fol__53_v.jp2
MS_L594_001_r.jp2
MS_L594_001_v.jp2
MS_L594_002_r.jp2
MS_L594_002_v.jp2
MS_L594_003_r.jp2
MS_L594_003_v.jp2
MS_L594_004_r.jp2
MS_L594_004_v.jp2
MS_L594_005_r.jp2
MS_L594_005_v.jp2
MS_L594_006_r.jp2
MS_L594_006_v.jp2
MS_L594_007_r.jp2
MS_L594_007_v.jp2
MS_L594_008a_r.jp2
MS_L594_008a_v.jp2
MS_L594_008_r.jp2
MS_L594_008_v.jp2
MS_L594_009_r.jp2
MS_L594_009_v.jp2
MS_L594_010_r.jp2
MS_L594_010_v.jp2
MS_L594_011_r.jp2
MS_L594_011_v.jp2
MS_L594_012_r.jp2
MS_L594_012_v.jp2
MS_L594_013_r.jp2
MS_L594_013_v.jp2
MS_L594_014_r.jp2
MS_L594_014_v.jp2
MS_L594_015_r.jp2
MS_L594_015_v.jp2
MS_L594_016_r.jp2
MS_L594_016_v.jp2
MS_L594_017_r.jp2
MS_L594_017_v.jp2
MS_L594_018_r.jp2
MS_L594_018_v.jp2
MS_L594_019_r.jp2
MS_L594_019_v.jp2
MS_L594_020_r.jp2
MS_L594_020_v.jp2
MS_L594_021_r.jp2
MS_L594_021_v.jp2
MS_L594_022_r.jp2
MS_L594_022_v.jp2
MS_L594_023_r.jp2
MS_L594_023_v.jp2
MS_L594_024_r.jp2
MS_L594_024_v.jp2
MS_L594_025_r.jp2
MS_L594_025_v.jp2
MS_L594_026_r.jp2
MS_L594_026_v.jp2
MS_L594_027_r.jp2
MS_L594_027_v.jp2
MS_L594_028_r.jp2
MS_L594_028_v.jp2
MS_L594_029_r.jp2
MS_L594_029_v.jp2
MS_L594_030_r.jp2
MS_L594_030_v.jp2
MS_L594_031_r.jp2
MS_L594_031_v.jp2
MS_L594_032_r.jp2
MS_L594_032_v.jp2
MS_L594_033_r.jp2
MS_L594_033_v.jp2
MS_L594_034_r.jp2
MS_L594_034_v.jp2
MS_L594_035_r.jp2
MS_L594_035_v.jp2
MS_L594_036_r.jp2
MS_L594_036_v.jp2
MS_L594_037_r.jp2
MS_L594_037_v.jp2
MS_L594_038a_r.jp2
MS_L594_038a_v.jp2
MS_L594_038_r.jp2
MS_L594_038_v.jp2
MS_L594_039_r.jp2
MS_L594_039_v.jp2
MS_L594_040_r.jp2
MS_L594_040_v.jp2
MS_L594_041_r.jp2
MS_L594_041_v.jp2
MS_L594_042_r.jp2
MS_L594_042_v.jp2
MS_L594_043_r.jp2
MS_L594_043_v.jp2
MS_L594_044_r.jp2
MS_L594_044_v.jp2
MS_L594_045_r.jp2
MS_L594_045_v.jp2
MS_L594_046_r.jp2
MS_L594_046_v.jp2
MS_L594_047_r.jp2
MS_L594_047_v.jp2
MS_L594_048_r.jp2
MS_L594_048_v.jp2
MS_L594_049_r.jp2
MS_L594_049_v.jp2
MS_L594_050_r.jp2
MS_L594_050_v.jp2
MS_L594_051_r.jp2
MS_L594_051_v.jp2
MS_L594_052_r.jp2
MS_L594_052_v.jp2
MS_L594_053_r.jp2
MS_L594_053_v.jp2
MS_L594_054_r.jp2
MS_L594_054_v.jp2
MS_L594_055_r.jp2
MS_L594_055_v.jp2
MS_L594_056_r.jp2
MS_L594_056_v.jp2
MS_L594_057_r.jp2
MS_L594_057_v.jp2
MS_L594_058_r.jp2
MS_L594_058_v.jp2
MS_L594_059_r.jp2
MS_L594_059_v.jp2
MS_L594_060_r.jp2
MS_L594_060_v.jp2
MS_L594_061_r.jp2
MS_L594_061_v.jp2
MS_L594_062_r.jp2
MS_L594_062_v.jp2
MS_L594_063_r.jp2
MS_L594_063_v.jp2
MS_L594_064_r.jp2
MS_L594_064_v.jp2
MS_L594_065_r.jp2
MS_L594_065_v.jp2
MS_L594_066_r.jp2
MS_L594_066_v.jp2
MS_L594_067_r.jp2
MS_L594_067_v.jp2
MS_L594_068_r.jp2
MS_L594_068_v.jp2
MS_L594_069_r.jp2
MS_L594_069_v.jp2
MS_L594_070_r.jp2
MS_L594_070_v.jp2
MS_L594_071_r.jp2
MS_L594_071_v.jp2
MS_L594_072_r.jp2
MS_L594_072_v.jp2
MS_L594_073_r.jp2
MS_L594_073_v.jp2
MS_L594_074_r.jp2
MS_L594_074_v.jp2
MS_L594_075_r.jp2
MS_L594_075_v.jp2
MS_L594_076_r.jp2
MS_L594_076_v.jp2
MS_L594_077_r.jp2
MS_L594_077_v.jp2
MS_L594_078_r.jp2
MS_L594_078_v.jp2
MS_L594_079_r.jp2
MS_L594_079_v.jp2
MS_L594_080_r.jp2
MS_L594_080_v.jp2
MS_L594_081_r.jp2
MS_L594_081_v.jp2
MS_L594_082_r.jp2
MS_L594_082_v.jp2
MS_L594_083_r.jp2
MS_L594_083_v.jp2
MS_L594_084_r.jp2
MS_L594_084_v.jp2
MS_L594_085_r.jp2
MS_L594_085_v.jp2
MS_L594_086_r.jp2
MS_L594_086_v.jp2
MS_L594_087_r.jp2
MS_L594_087_v.jp2
MS_L594_088_r.jp2
MS_L594_088_v.jp2
MS_L594_089_r.jp2
MS_L594_089_v.jp2
MS_L594_090_r.jp2
MS_L594_090_v.jp2
MS_L594_091_r.jp2
MS_L594_091_v.jp2
MS_L594_092_r.jp2
MS_L594_092_v.jp2
MS_L594_093_r.jp2
MS_L594_093_v.jp2
MS_L594_094_r.jp2
MS_L594_094_v.jp2
MS_L594_095_r.jp2
MS_L594_095_v.jp2
MS_L594_096_r.jp2
MS_L594_096_v.jp2
MS_L594_097_r.jp2
MS_L594_097_v.jp2
MS_L594_098_r.jp2
MS_L594_098_v.jp2
MS_L594_099_r.jp2
MS_L594_099_v.jp2
MS_L594_100_r.jp2
MS_L594_100_v.jp2
MS_L594_101_r.jp2
MS_L594_101_v.jp2
MS_L594_102_r.jp2
MS_L594_102_v.jp2
MS_L594_103_r.jp2
MS_L594_103_v.jp2
MS_L594_104_r.jp2
MS_L594_104_v.jp2
MS_L594_105_r.jp2
MS_L594_105_v.jp2
MS_L594_106_r.jp2
MS_L594_106_v.jp2
MS_L594_107_r.jp2
MS_L594_107_v.jp2
MS_L594_108_r.jp2
MS_L594_108_v.jp2
MS_L594_109_r.jp2
MS_L594_109_v.jp2
MSL_594_206.jp2
MS_L594_99_r.jp2
MS_L594_99_v.jp2
MS_L594__fol__20_r.jp2
MS_L594__fol__20_v.jp2
MS_L594__fol__26_r.jp2
MS_L594__fol__26_v.jp2
MS_L594__fol__30_r.jp2
MS_L594__fol__30_v.jp2
MS_L594__fol__35_r.jp2
MS_L594__fol__35_v.jp2
MS_L594__fol__38a_r.jp2
MS_L594__fol__38a_v.jp2
MS_L594__fol__52_r.jp2
MS_L594__fol__52_v.jp2
MS_L594__fol__66_r.jp2
MS_L594__fol__66_v.jp2
MS_L594__fol__98_r.jp2
MS_L594__fol__98_v.jp2
MS_L594__fol__99_r.jp2
MS_L594__fol__99_v.jp2
MS_L595_001_r.jp2
MS_L595_001_v.jp2
MS_L595_002_r.jp2
MS_L595_002_v.jp2
MS_L595_003_r.jp2
MS_L595_003_v.jp2
MS_L595_004_r.jp2
MS_L595_004_v.jp2
MS_L595_005_r.jp2
MS_L595_005_v.jp2
MS_L595_006_r.jp2
MS_L595_006_v.jp2
MS_L595_007_r.jp2
MS_L595_007_v.jp2
MS_L595_008_r.jp2
MS_L595_008_v.jp2
MS_L595_009_r.jp2
MS_L595_009_v.jp2
MS_L595_010_r.jp2
MS_L595_010_v.jp2
MS_L595_011_r.jp2
MS_L595_011_v.jp2
MS_L595_012_r.jp2
MS_L595_012_v.jp2
MS_L595_013_r.jp2
MS_L595_013_v.jp2
MS_L595_014_r.jp2
MS_L595_014_v.jp2
MS_L595_015_r.jp2
MS_L595_015_v.jp2
MS_L595_016_r.jp2
MS_L595_016_v.jp2
MS_L595_017_r.jp2
MS_L595_017_v.jp2
MS_L595_018_r.jp2
MS_L595_018_v.jp2
MS_L595_019_r.jp2
MS_L595_019_v.jp2
MS_L595_020_r.jp2
MS_L595_020_v.jp2
MS_L595__fol__16_r.jp2
MS_L595__fol__16_v.jp2
MS_L596_001_r.jp2
MS_L596_001_v.jp2
MS_L596_002_r.jp2
MS_L596_002_v.jp2
MS_L596_003_r.jp2
MS_L596_003_v.jp2
MS_L596_004_r.jp2
MS_L596_004_v.jp2
MS_L596_005_r.jp2
MS_L596_005_v.jp2
MS_L596_006_r.jp2
MS_L596_006_v.jp2
MS_L596_007_r.jp2
MS_L596_007_v.jp2
MS_L596_008_r.jp2
MS_L596_008_v.jp2
MS_L596_009_r.jp2
MS_L596_009_v.jp2
MS_L596_010_r.jp2
MS_L596_010_v.jp2
MS_L596_011_r.jp2
MS_L596_011_v.jp2
MS_L596_012_r.jp2
MS_L596_012_v.jp2
MS_L596_013_r.jp2
MS_L596_013_v.jp2
MS_L596_014_r.jp2
MS_L596_014_v.jp2
MS_L596_015_r.jp2
MS_L596_015_v.jp2
MS_L596_016_r.jp2
MS_L596_016_v.jp2
MS_L596_017_r.jp2
MS_L596_017_v.jp2
MS_L596_018_r.jp2
MS_L596_018_v.jp2
MS_L596_019_r.jp2
MS_L596_019_v.jp2
MS_L596_020_r.jp2
MS_L596_020_v.jp2
MS_L596_021_r.jp2
MS_L596_021_v.jp2
MS_L596_022_r.jp2
MS_L596_022_v.jp2
MS_L596_023_r.jp2
MS_L596_023_v.jp2
MS_L596_024_r.jp2
MS_L596_024_v.jp2
MS_L596_025_r.jp2
MS_L596_025_v.jp2
MS_L596_026_r.jp2
MS_L596_026_v.jp2
MS_L596_027.jp2
MS_L596_027_r-1.jp2
MS_L596_027_r.jp2
MS_L596_027_v.jp2
MS_L596_028.jp2
MS_L596_028_r.jp2
MS_L596_028_v.jp2
MS_L596_029_r.jp2
MS_L596_029_v.jp2
MS_L596_030_r.jp2
MS_L596_030_v.jp2
MS_L596_031_r.jp2
MS_L596_031_v.jp2
MS_L596_032_r.jp2
MS_L596_032_v.jp2
MS_L596_033_r.jp2
MS_L596_033_v.jp2
MS_L596_034_r.jp2
MS_L596_034_v.jp2
MS_L596_035_r.jp2
MS_L596_035_v.jp2
MS_L596_036_r.jp2
MS_L596_036_v.jp2
MS_L596_037_r.jp2
MS_L596_037_v.jp2
MS_L596_038_r.jp2
MS_L596_038_v.jp2
MS_L596_039_r.jp2
MS_L596_039_v.jp2
MS_L596_040_r.jp2
MS_L596_040_v.jp2
MS_L596_041_r.jp2
MS_L596_041_v.jp2
MS_L596_042_r.jp2
MS_L596_042_v.jp2
MS_L596_043_r.jp2
MS_L596_043_v.jp2
MS_L596_044_r.jp2
MS_L596_044_v.jp2
MS_L596_045_r.jp2
MS_L596_045_v.jp2
MS_L596_046_r.jp2
MS_L596_046_v.jp2
MS_L596_047_r.jp2
MS_L596_047_v.jp2
MS_L596_048_r.jp2
MS_L596_048_v.jp2
MS_L596_049_r.jp2
MS_L596_049_v.jp2
MS_L596_050_r.jp2
MS_L596_050_v.jp2
MS_L596__fol__32_r.jp2
MS_L596__fol__32_v.jp2
MS_L596__fol__7_r.jp2
MS_L596__fol__7_v.jp2
MS_L597_001_r.jp2
MS_L597_001_v.jp2
MS_L597_002_r.jp2
MS_L597_002_v.jp2
MS_L597_003_r.jp2
MS_L597_003_v.jp2
MS_L597_004_r.jp2
MS_L597_004_v.jp2
MS_L597_005_r.jp2
MS_L597_005_v.jp2
MS_L597_006_r.jp2
MS_L597_006_v.jp2
MS_L597_007_r.jp2
MS_L597_007_v.jp2
MS_L597_008_r.jp2
MS_L597_008_v.jp2
MS_L597_009_r.jp2
MS_L597_009_v.jp2
MS_L597_010_r.jp2
MS_L597_010_v.jp2
MS_L597_011_r.jp2
MS_L597_011_v.jp2
MS_L597_012_r.jp2
MS_L597_012_v.jp2
MS_L597_013_r.jp2
MS_L597_013_v.jp2
MS_L597_014_r.jp2
MS_L597_014_v.jp2
MS_L597_015_r.jp2
MS_L597_015_v.jp2
MS_L597_016_r.jp2
MS_L597_016_v.jp2
MS_L597_017_r.jp2
MS_L597_017_v.jp2
MS_L597_018_r.jp2
MS_L597_018_v.jp2
MS_L597_019_r.jp2
MS_L597_019_v.jp2
MS_L597_020_r.jp2
MS_L597_020_v.jp2
MS_L597_021_r.jp2
MS_L597_021_v.jp2
MS_L597_022_r.jp2
MS_L597_022_v.jp2
MS_L597_023_r.jp2
MS_L597_023_v.jp2
MS_L597_024_r.jp2
MS_L597_024_v.jp2
MS_L597_025_r.jp2
MS_L597_025_v.jp2
MS_L597_026_r.jp2
MS_L597_026_v.jp2
MS_L597_027_r.jp2
MS_L597_027_v.jp2
MS_L597_028_r.jp2
MS_L597_028_v.jp2
MS_L597_029_r.jp2
MS_L597_029_v.jp2
MS_L597_030_r.jp2
MS_L597_030_v.jp2
MS_L597_031_r.jp2
MS_L597_031_v.jp2
MS_L597_032_r.jp2
MS_L597_032_v.jp2
MS_L597_033_r.jp2
MS_L597_033_v.jp2
MS_L597_034_r.jp2
MS_L597_034_v.jp2
MS_L597_035_r.jp2
MS_L597_035_v.jp2
MS_L597_036_r.jp2
MS_L597_036_v.jp2
MS_L597_037_r.jp2
MS_L597_037_v.jp2
MS_L597_038_r.jp2
MS_L597_038_v.jp2
MS_L597_039_r.jp2
MS_L597_039_v.jp2
MS_L597_040_r.jp2
MS_L597_040_v.jp2
MS_L597_041_r.jp2
MS_L597_041_v.jp2
MS_L597_042_r.jp2
MS_L597_042_v.jp2
MS_L597_043_r.jp2
MS_L597_043_v.jp2
MS_L597_044_r.jp2
MS_L597_044_v.jp2
MS_L597_045_r.jp2
MS_L597_045_v.jp2
MS_L597_046_r.jp2
MS_L597_046_v.jp2
MS_L597_047_r.jp2
MS_L597_047_v.jp2
MS_L597_048_r.jp2
MS_L597_048_v.jp2
MS_L597_049_r.jp2
MS_L597_049_v.jp2
MS_L597_050_r.jp2
MS_L597_050_v.jp2
MS_L597_051_r.jp2
MS_L597_051_v.jp2
MS_L597_052_r.jp2
MS_L597_052_v.jp2
MS_L597_053_r.jp2
MS_L597_053_v.jp2
MS_L597_054_r.jp2
MS_L597_054_v.jp2
MS_L597_055_r.jp2
MS_L597_055_v.jp2
MS_L597_056_r.jp2
MS_L597_056_v.jp2
MS_L597_057_r.jp2
MS_L597_057_v.jp2
MS_L597_058_r.jp2
MS_L597_058_v.jp2
MS_L597_059_r.jp2
MS_L597_059_v.jp2
MS_L597_060_r.jp2
MS_L597_060_v.jp2
MS_L597_061_r.jp2
MS_L597_061_v.jp2
MS_L597_062_r.jp2
MS_L597_062_v.jp2
MS_L597_063_r.jp2
MS_L597_063_v.jp2
MS_L597_064_r.jp2
MS_L597_064_v.jp2
MS_L597_065_r.jp2
MS_L597_065_v.jp2
MS_L597_066_r.jp2
MS_L597_066_v.jp2
MS_L597_067_r.jp2
MS_L597_067_v.jp2
MS_L597_068_r.jp2
MS_L597_068_v.jp2
MS_L597_069_r.jp2
MS_L597_069_v.jp2
MS_L597_070_r.jp2
MS_L597_070_v.jp2
MS_L597_071_r.jp2
MS_L597_071_v.jp2
MS_L597_072_r.jp2
MS_L597_072_v.jp2
MS_L597_073_r.jp2
MS_L597_073_v.jp2
MS_L597_074_r.jp2
MS_L597_074_v.jp2
MS_L597_075_r.jp2
MS_L597_075_v.jp2
MS_L597_076_r.jp2
MS_L597_076_v.jp2
MS_L597_077_r.jp2
MS_L597_077_v.jp2
MS_L597_078_r.jp2
MS_L597_078_v.jp2
MS_L597_079_r.jp2
MS_L597_079_v.jp2
MS_L597_080_r.jp2
MS_L597_080_v.jp2
MS_L597__fol__13_r.jp2
MS_L597__fol__13_v.jp2
MS_L598_001_r.jp2
MS_L598_001_v.jp2
MS_L598_002_r.jp2
MS_L598_002_v.jp2
MS_L598_003_r.jp2
MS_L598_003_v.jp2
MS_L598_004_r.jp2
MS_L598_004_v.jp2
MS_L598_005_r.jp2
MS_L598_005_v.jp2
MS_L598_006_r.jp2
MS_L598_006_v.jp2
MS_L598_007_r.jp2
MS_L598_007_v.jp2
MS_L598_008_r.jp2
MS_L598_008_v.jp2
MS_L598_009_r.jp2
MS_L598_009_v.jp2
MS_L598_010_r.jp2
MS_L598_010_v.jp2
MS_L598_011_r.jp2
MS_L598_011_v.jp2
MS_L598_012_r.jp2
MS_L598_012_v.jp2
MS_L598_013_r.jp2
MS_L598_013_v.jp2
MS_L598_014_r.jp2
MS_L598_014_v.jp2
MS_L598_015_r.jp2
MS_L598_015_v.jp2
MS_L598_016_r.jp2
MS_L598_016_v.jp2
MS_L598_017_r.jp2
MS_L598_017_v.jp2
MS_L598_018_r.jp2
MS_L598_018_v.jp2
MS_L598_019_r.jp2
MS_L598_019_v.jp2
MS_L598_020_r.jp2
MS_L598_020_v.jp2
MS_L598_021_r.jp2
MS_L598_021_v.jp2
MS_L598_022_r.jp2
MS_L598_022_v.jp2
MS_L598_023_r.jp2
MS_L598_023_v.jp2
MS_L598_024_r.jp2
MS_L598_024_v.jp2
MS_L598_025_r.jp2
MS_L598_025_v.jp2
MS_L599_001_r.jp2
MS_L599_001_v.jp2
MS_L599_002_r.jp2
MS_L599_002_v.jp2
MS_L599_003_r.jp2
MS_L599_003_v.jp2
MS_L599_004_r.jp2
MS_L599_004_v.jp2
MS_L599_005_r.jp2
MS_L599_005_v.jp2
MS_L599_006_r.jp2
MS_L599_006_v.jp2
MS_L599_007_r.jp2
MS_L599_007_v.jp2
MS_L599_008_r.jp2
MS_L599_008_v.jp2
MS_L599_009_r.jp2
MS_L599_009_v.jp2
MS_L599_010_r.jp2
MS_L599_010_v.jp2
MS_L599_011_r.jp2
MS_L599_011_v.jp2
MS_L599_012_r.jp2
MS_L599_012_v.jp2
MS_L599_013_r.jp2
MS_L599_013_v.jp2
MS_L599_014_r.jp2
MS_L599_014_v.jp2
MS_L599_015_r.jp2
MS_L599_015_v.jp2
MS_L599_016_r.jp2
MS_L599_016_v.jp2
MS_L599_017_r.jp2
MS_L599_017_v.jp2
MS_L599_018_r.jp2
MS_L599_018_v.jp2
MS_L599_019_r.jp2
MS_L599_019_v.jp2
MS_L599_020_r.jp2
MS_L599_020_v.jp2
MS_L599_021_r.jp2
MS_L599_021_v.jp2
MS_L599_022_r.jp2
MS_L599_022_v.jp2
MS_L599_023_r.jp2
MS_L599_023_v.jp2
MS_L599_024_r.jp2
MS_L599_024_v.jp2
MS_L599_025_r.jp2
MS_L599_025_v.jp2
MS_L599_026_r.jp2
MS_L599_026_v.jp2
MS_L599_027_r.jp2
MS_L599_027_v.jp2
MS_L599_028_r.jp2
MS_L599_028_v.jp2
MS_L599_029_r.jp2
MS_L599_029_v.jp2
MS_L599_030_r.jp2
MS_L599_030_v.jp2
MS_L599_031_r.jp2
MS_L599_031_v.jp2
MS_L599_032_r.jp2
MS_L599_032_v.jp2
MS_L599_033_r.jp2
MS_L599_033_v.jp2
MS_L599_034_r.jp2
MS_L599_034_v.jp2
MS_L599_035_r.jp2
MS_L599_035_v.jp2
MS_L599_036_r.jp2
MS_L599_036_v.jp2
MS_L599_037_r.jp2
MS_L599_037_v.jp2
MS_L599_038_r.jp2
MS_L599_038_v.jp2
MS_L599_039_r.jp2
MS_L599_039_v.jp2
MS_L599_040_r.jp2
MS_L599_040_v.jp2
MS_L599_041_r.jp2
MS_L599_041_v.jp2
MS_L599_042_r.jp2
MS_L599_042_v.jp2
MS_L599_043_r.jp2
MS_L599_043_v.jp2
MS_L599_044_r.jp2
MS_L599_044_v.jp2
MS_L599_045_r.jp2
MS_L599_045_v.jp2
MS_L599_046_r.jp2
MS_L599_046_v.jp2
MS_L599_047_r.jp2
MS_L599_047_v.jp2
MS_L599_048_r.jp2
MS_L599_048_v.jp2
MS_L599_049_r.jp2
MS_L599_049_v.jp2
MS_L599_050_r.jp2
MS_L599_050_v.jp2
MS_L599_051_r.jp2
MS_L599_051_v.jp2
MS_L599_052_r.jp2
MS_L599_052_v.jp2
MS_L599_053_r.jp2
MS_L599_053_v.jp2
MS_L599_054_r.jp2
MS_L599_054_v.jp2
MS_L599_055_r.jp2
MS_L599_055_v.jp2
MS_L599_056_r.jp2
MS_L599_056_v.jp2
MS_L599_057_r.jp2
MS_L599_057_v.jp2
MS_L599_058_r.jp2
MS_L599_058_v.jp2
MS_L599_059_r.jp2
MS_L599_059_v.jp2
MS_L599_060_r.jp2
MS_L599_060_v.jp2
MS_L599_061_r.jp2
MS_L599_061_v.jp2
MS_L599_062_r.jp2
MS_L599_062_v.jp2
MS_L599_063_r.jp2
MS_L599_063_v.jp2
MS_L599_064_r.jp2
MS_L599_064_v.jp2
MS_L599_065_r.jp2
MS_L599_065_v.jp2
MS_L599_066_r.jp2
MS_L599_066_v.jp2
MS_L599_067_r.jp2
MS_L599_067_v.jp2
MS_L599_068_r.jp2
MS_L599_068_v.jp2
MS_L599_069_r.jp2
MS_L599_069_v.jp2
MS_L599_070_r.jp2
MS_L599_070_v.jp2
MS_L599_071_r.jp2
MS_L599_071_v.jp2
MS_L599_072_r.jp2
MS_L599_072_v.jp2
MS_L599_073_r.jp2
MS_L599_073_v.jp2
MS_L599_074_r.jp2
MS_L599_074_v.jp2
MS_L599_075_r.jp2
MS_L599_075_v.jp2
MS_L599_076_r.jp2
MS_L599_076_v.jp2
MS_L599_077_r.jp2
MS_L599_077_v.jp2
MS_L599_078_r.jp2
MS_L599_078_v.jp2
MS_L599_079_r.jp2
MS_L599_079_v.jp2
MS_L599_080_r.jp2
MS_L599_080_v.jp2
MS_L599_081_r.jp2
MS_L599_081_v.jp2
MS_L599_082_r.jp2
MS_L599_082_v.jp2
MS_L599_083_r.jp2
MS_L599_083_v.jp2
MS_L599_084_r.jp2
MS_L599_084_v.jp2
MS_L599_085_r.jp2
MS_L599_085_v.jp2
MS_L599_086_r.jp2
MS_L599_086_v.jp2
MS_L599_087_r.jp2
MS_L599_087_v.jp2
MS_L599_088_r.jp2
MS_L599_088_v.jp2
MS_L599_089_r.jp2
MS_L599_089_v.jp2
MS_L599_090_r.jp2
MS_L599_090_v.jp2
MS_L599_091_r.jp2
MS_L599_091_v.jp2
MS_L599_092_r.jp2
MS_L599_092_v.jp2
MS_L599_093_r.jp2
MS_L599_093_v.jp2
MS_L599_094_r.jp2
MS_L599_094_v.jp2
MS_L599_095_r.jp2
MS_L599_095_v.jp2
MS_L599_096_r.jp2
MS_L599_096_v.jp2
MS_L599_097_r.jp2
MS_L599_097_v.jp2
MS_L599_098_r.jp2
MS_L599_098_v.jp2
MS_L599_099_r.jp2
MS_L599_099_v.jp2
MS_L599_100_r.jp2
MS_L599_100_v.jp2
MS_L599_101_r.jp2
MS_L599_101_v.jp2
MS_L599_102_r.jp2
MS_L599_102_v.jp2
MS_L599_103_r.jp2
MS_L599_103_v.jp2
MS_L599_104_r.jp2
MS_L599_104_v.jp2
MS_L599_105_r.jp2
MS_L599_105_v.jp2
MS_L599_106_r.jp2
MS_L599_106_v.jp2
MS_L599_107_r.jp2
MS_L599_107_v.jp2
MS_L599_108_r.jp2
MS_L599_108_v.jp2
MS_L599_109_r.jp2
MS_L599_109_v.jp2
MS_L599_110_r.jp2
MS_L599_110_v.jp2
MS_L599_111_r.jp2
MS_L599_111_v.jp2
MS_L599_112_r.jp2
MS_L599_112_v.jp2
MS_L600_001_r.jp2
MS_L600_001_v.jp2
MS_L600_002_r.jp2
MS_L600_002_v.jp2
MS_L600_003_r.jp2
MS_L600_003_v.jp2
MS_L600_004_r.jp2
MS_L600_004_v.jp2
MS_L600_005_r.jp2
MS_L600_005_v.jp2
MS_L600_006_r.jp2
MS_L600_006_v.jp2
MS_L600_007_r.jp2
MS_L600_007_v.jp2
MS_L600_008_r.jp2
MS_L600_008_v.jp2
MS_L600_009_r.jp2
MS_L600_009_v.jp2
MS_L600_010_r.jp2
MS_L600_010_v.jp2
MS_L600_011_r.jp2
MS_L600_011_v.jp2
MS_L600_012_r.jp2
MS_L600_012_v.jp2
MS_L600_013_r.jp2
MS_L600_013_v.jp2
MS_L600_014_r.jp2
MS_L600_014_v.jp2
MS_L600_015_r.jp2
MS_L600_015_v.jp2
MS_L600_016_r.jp2
MS_L600_016_v.jp2
MS_L600_017_r.jp2
MS_L600_017_v.jp2
MS_L600_018_r.jp2
MS_L600_018_v.jp2
MS_L600_019_r.jp2
MS_L600_019_v.jp2
MS_L600_020_r.jp2
MS_L600_020_v.jp2
MS_L600_021_r.jp2
MS_L600_021_v.jp2
MS_L600_022_r.jp2
MS_L600_022_v.jp2
MS_L600_023_r.jp2
MS_L600_023_v.jp2
MS_L600_024_r.jp2
MS_L600_024_v.jp2
MS_L600_025_r.jp2
MS_L600_025_v.jp2
MS_L600_026_r.jp2
MS_L600_026_v.jp2
MS_L600_027_r.jp2
MS_L600_027_v.jp2
MS_L600_028_r.jp2
MS_L600_028_v.jp2
MS_L600_029_r.jp2
MS_L600_029_v.jp2
MS_L600_030_r.jp2
MS_L600_030_v.jp2
MS_L600_031_r.jp2
MS_L600_031_v.jp2
MS_L600_032_r.jp2
MS_L600_032_v.jp2
MS_L600_033_r.jp2
MS_L600_033_v.jp2
MS_L600_034_r.jp2
MS_L600_034_v.jp2
MS_L600_035_r.jp2
MS_L600_035_v.jp2
MS_L600_036_r.jp2
MS_L600_036_v.jp2
MS_L600_037_r.jp2
MS_L600_037_v.jp2
MS_L600_038_r.jp2
MS_L600_038_v.jp2
MS_L600_039_r.jp2
MS_L600_039_v.jp2
MS_L600_040_r.jp2
MS_L600_040_v.jp2
MS_L600_041_r.jp2
MS_L600_041_v.jp2
MS_L600_042_r.jp2
MS_L600_042_v.jp2
MS_L600_043_r.jp2
MS_L600_043_v.jp2
MS_L607_001_r.jp2
MS_L607_001_v.jp2
MS_L607_002_r.jp2
MS_L607_002_v.jp2
MS_L607_003_r.jp2
MS_L607_003_v.jp2
MS_L607_004_r.jp2
MS_L607_004_v.jp2
MS_L607_005_r.jp2
MS_L607_005_v.jp2
MS_L607_006_r.jp2
MS_L607_006_v.jp2
MS_L607_007_r.jp2
MS_L607_007_v.jp2
MS_L607_008_r.jp2
MS_L607_008_v.jp2
MS_L607_009_r.jp2
MS_L607_009_v.jp2
MS_L607_010_r.jp2
MS_L607_010_v.jp2
MS_L607a_001_r.jp2
MS_L607a_001_v.jp2
MS_L778a_001_r.jp2
MS_L778a_001_v.jp2
MS_R1449_001_r.jp2
MS_R1449_001_v.jp2
MS_R1449_002_r.jp2
MS_R1449_002_v.jp2
MS_R1558_001.jp2
MS_R1558_002.jp2
MS_R1558_003.jp2
MS_R1558_004.jp2
MS_R2020_001_r.jp2
MS_R2020_001_v.jp2
MS_R2063_001_r.jp2
MS_R2063_001_v.jp2
MS_R2063_003_r.jp2
MS_R2063_003_v.jp2
MS_R2063_005_r.jp2
MS_R2063_005_v.jp2
MS_R2063_007_r.jp2
MS_R2063_007_v.jp2
MS_R2063_009_r.jp2
MS_R2063_009_v.jp2
MS_R2063_011_r.jp2
MS_R2063_011_v.jp2
MS_R2063_013_r.jp2
MS_R2063_013_v.jp2
MS_R2063_015_r.jp2
MS_R2063_015_v.jp2
MS_R2148_001_r.jp2
MS_R2148_001_v.jp2
MS_R2148_002_r.jp2
MS_R2148_002_v.jp2
MS_R2148_003_r.jp2
MS_R2148_003_v.jp2
MS_R2148_004_r.jp2
MS_R2148_004_v.jp2
MS_R2148_005_r.jp2
MS_R2148_005_v.jp2
MS_R2148_006_r.jp2
MS_R2148_006_v.jp2
MS_R2148_007_r.jp2
MS_R2148_007_v.jp2
MS_R2148_008_r.jp2
MS_R2148_008_v.jp2
MS_R2148_009_r.jp2
MS_R2148_009_v.jp2
MS_R2148_010_r.jp2
MS_R2148_010_v.jp2
MS_R2148_011_r.jp2
MS_R2148_011_v.jp2
MS_R2148_012_r.jp2
MS_R2148_012_v.jp2
MS_R2148_013_r.jp2
MS_R2148_013_v.jp2
MS_R2148_014_r.jp2
MS_R2148_014_v.jp2
MS_R2148_015_r.jp2
MS_R2148_015_v.jp2
MS_R2308_001_r.jp2
MS_R2308_001_v.jp2
MS_R2339_001_r.jp2
MS_R2339_001_v.jp2
MS_R2351_001_r.jp2
MS_R2351_001_v.jp2
MS_R2351_002_r.jp2
MS_R2351_002_v.jp2
MS_R2351_003_r.jp2
MS_R2351_003_v.jp2
MS_R2351_004_r.jp2
MS_R2351_004_v.jp2
MS_R2351_005_r.jp2
MS_R2351_005_v.jp2
MS_R2351_006_r.jp2
MS_R2351_006_v.jp2
MS_R2351_007_r.jp2
MS_R2351_007_v.jp2
MS_R2351_008_r.jp2
MS_R2351_008_v.jp2
MS_R2351_009_r.jp2
MS_R2351_009_v.jp2
MS_R2351_010_r.jp2
MS_R2351_010_v.jp2
MS_R2351_011_r.jp2
MS_R2351_011_v.jp2
MS_R2351_012_r.jp2
MS_R2351_012_v.jp2
MS_R2351_013_r.jp2
MS_R2351_013_v.jp2
MS_R2351_014_r.jp2
MS_R2351_014_v.jp2
MS_R2351_015_r.jp2
MS_R2351_015_v.jp2
MS_R2351_016_r.jp2
MS_R2351_016_v.jp2
MS_R2351_017_r.jp2
MS_R2351_017_v.jp2
MS_R2351_018_r.jp2
MS_R2351_018_v.jp2
MS_R2351_019_r.jp2
MS_R2351_019_v.jp2
MS_R2351_020_r.jp2
MS_R2351_020_v.jp2
MS_R2351_021_r.jp2
MS_R2351_021_v.jp2
MS_R2351_022a_r.jp2
MS_R2351_022a_v.jp2
MS_R2351_022_r.jp2
MS_R2351_022_v.jp2
MS_R2351_023_r.jp2
MS_R2351_023_v.jp2
MS_R2351_024_r.jp2
MS_R2351_024_v.jp2
MS_R2351_025_r.jp2
MS_R2351_025_v.jp2
MS_R2351_026_r.jp2
MS_R2351_026_v.jp2
MS_R2351_027_r.jp2
MS_R2351_027_v.jp2
MS_R2351_028_r.jp2
MS_R2351_028_v.jp2
MS_R2351_029_r.jp2
MS_R2351_029_v.jp2
MS_R2351_030_r.jp2
MS_R2351_030_v.jp2
MS_R2351_031_r.jp2
MS_R2351_031_v.jp2
MS_R2351_032_r.jp2
MS_R2351_032_v.jp2
MS_R2351_033_r.jp2
MS_R2351_033_v.jp2
MS_R2351_034_r.jp2
MS_R2351_034_v.jp2
MS_R2351_035_r.jp2
MS_R2351_035_v.jp2
MS_R2351_036_r.jp2
MS_R2351_036_v.jp2
MS_R501_001_r.jp2
MS_R501_001_v.jp2
MS_R501_002_r.jp2
MS_R501_002_v.jp2
MS_R501_003_r.jp2
MS_R501_003_v.jp2
MS_R501_004_r.jp2
MS_R501_004_v.jp2
MS_R501_005_r.jp2
MS_R501_005_v.jp2
MS_R501_006_r.jp2
MS_R501_006_v.jp2
MS_R501_007_r.jp2
MS_R501_007_v.jp2
MS_R501_008_r.jp2
MS_R501_008_v.jp2
MS_R501_009_r.jp2
MS_R501_009_v.jp2
MS_R501_010_r.jp2
MS_R501_010_v.jp2
MS_R501_011_r.jp2
MS_R501_011_v.jp2
MS_R501_012_r.jp2
MS_R501_012_v.jp2
MS_R501_013_r.jp2
MS_R501_013_v.jp2
MS_R501_014_r.jp2
MS_R501_014_v.jp2
MS_R501_015_r.jp2
MS_R501_015_v.jp2
MS_R844_001_r.jp2
MS_R844_001_v.jp2
MS_R844_002_r.jp2
MS_R844_002_v.jp2
MS_R844_003_r.jp2
MS_R844_003_v.jp2
MS_R844_004_r.jp2
MS_R844_004_v.jp2
MS_R844_005_r.jp2
MS_R844_005_v.jp2
MS_R844_006_r.jp2
MS_R844_006_v.jp2
MS_R844_007_r.jp2
MS_R844_007_v.jp2
MS_R844_008_r.jp2
MS_R844_008_v.jp2
MS_R844_009_r.jp2
MS_R844_009_v.jp2
MS_R844_010_r.jp2
MS_R844_010_v.jp2
MS_R844_021.jp2
MS_R844_022.jp2
